16:12:13 **** Incremental Build of configuration Debug for project BBB_1D ****
make all 
Building file: ../Control/CADCCalibrationAction.cpp
Invoking: Cross G++ Compiler
arm-linux-gnueabihf-g++ -std=c++11 -I"/home/michael/Desktop/Bachelor/Bachelor/6_Software/Eclipse_WS/BBB_1D/Comm" -I"/home/michael/Desktop/Bachelor/Bachelor/6_Software/Eclipse_WS/BBB_1D/Control" -I"/home/michael/Desktop/Bachelor/Bachelor/6_Software/Eclipse_WS/BBB_1D/Hardware" -I"/home/michael/Desktop/Bachelor/Bachelor/6_Software/Eclipse_WS/BBB_1D/lib" -O0 -g3 -Wall -c -fmessage-length=0 -MMD -MP -MF"Control/CADCCalibrationAction.d" -MT"Control/CADCCalibrationAction.o" -o "Control/CADCCalibrationAction.o" "../Control/CADCCalibrationAction.cpp"
Finished building: ../Control/CADCCalibrationAction.cpp
 
Building file: ../Control/CCascadeControl.cpp
Invoking: Cross G++ Compiler
arm-linux-gnueabihf-g++ -std=c++11 -I"/home/michael/Desktop/Bachelor/Bachelor/6_Software/Eclipse_WS/BBB_1D/Comm" -I"/home/michael/Desktop/Bachelor/Bachelor/6_Software/Eclipse_WS/BBB_1D/Control" -I"/home/michael/Desktop/Bachelor/Bachelor/6_Software/Eclipse_WS/BBB_1D/Hardware" -I"/home/michael/Desktop/Bachelor/Bachelor/6_Software/Eclipse_WS/BBB_1D/lib" -O0 -g3 -Wall -c -fmessage-length=0 -MMD -MP -MF"Control/CCascadeControl.d" -MT"Control/CCascadeControl.o" -o "Control/CCascadeControl.o" "../Control/CCascadeControl.cpp"
Finished building: ../Control/CCascadeControl.cpp
 
Building file: ../Control/CComplementaryFilter.cpp
Invoking: Cross G++ Compiler
arm-linux-gnueabihf-g++ -std=c++11 -I"/home/michael/Desktop/Bachelor/Bachelor/6_Software/Eclipse_WS/BBB_1D/Comm" -I"/home/michael/Desktop/Bachelor/Bachelor/6_Software/Eclipse_WS/BBB_1D/Control" -I"/home/michael/Desktop/Bachelor/Bachelor/6_Software/Eclipse_WS/BBB_1D/Hardware" -I"/home/michael/Desktop/Bachelor/Bachelor/6_Software/Eclipse_WS/BBB_1D/lib" -O0 -g3 -Wall -c -fmessage-length=0 -MMD -MP -MF"Control/CComplementaryFilter.d" -MT"Control/CComplementaryFilter.o" -o "Control/CComplementaryFilter.o" "../Control/CComplementaryFilter.cpp"
Finished building: ../Control/CComplementaryFilter.cpp
 
Building file: ../Control/CControlComp.cpp
Invoking: Cross G++ Compiler
arm-linux-gnueabihf-g++ -std=c++11 -I"/home/michael/Desktop/Bachelor/Bachelor/6_Software/Eclipse_WS/BBB_1D/Comm" -I"/home/michael/Desktop/Bachelor/Bachelor/6_Software/Eclipse_WS/BBB_1D/Control" -I"/home/michael/Desktop/Bachelor/Bachelor/6_Software/Eclipse_WS/BBB_1D/Hardware" -I"/home/michael/Desktop/Bachelor/Bachelor/6_Software/Eclipse_WS/BBB_1D/lib" -O0 -g3 -Wall -c -fmessage-length=0 -MMD -MP -MF"Control/CControlComp.d" -MT"Control/CControlComp.o" -o "Control/CControlComp.o" "../Control/CControlComp.cpp"
Finished building: ../Control/CControlComp.cpp
 
Building file: ../Control/CControlTest.cpp
Invoking: Cross G++ Compiler
arm-linux-gnueabihf-g++ -std=c++11 -I"/home/michael/Desktop/Bachelor/Bachelor/6_Software/Eclipse_WS/BBB_1D/Comm" -I"/home/michael/Desktop/Bachelor/Bachelor/6_Software/Eclipse_WS/BBB_1D/Control" -I"/home/michael/Desktop/Bachelor/Bachelor/6_Software/Eclipse_WS/BBB_1D/Hardware" -I"/home/michael/Desktop/Bachelor/Bachelor/6_Software/Eclipse_WS/BBB_1D/lib" -O0 -g3 -Wall -c -fmessage-length=0 -MMD -MP -MF"Control/CControlTest.d" -MT"Control/CControlTest.o" -o "Control/CControlTest.o" "../Control/CControlTest.cpp"
Finished building: ../Control/CControlTest.cpp
 
Building file: ../Control/CControlTestAction.cpp
Invoking: Cross G++ Compiler
arm-linux-gnueabihf-g++ -std=c++11 -I"/home/michael/Desktop/Bachelor/Bachelor/6_Software/Eclipse_WS/BBB_1D/Comm" -I"/home/michael/Desktop/Bachelor/Bachelor/6_Software/Eclipse_WS/BBB_1D/Control" -I"/home/michael/Desktop/Bachelor/Bachelor/6_Software/Eclipse_WS/BBB_1D/Hardware" -I"/home/michael/Desktop/Bachelor/Bachelor/6_Software/Eclipse_WS/BBB_1D/lib" -O0 -g3 -Wall -c -fmessage-length=0 -MMD -MP -MF"Control/CControlTestAction.d" -MT"Control/CControlTestAction.o" -o "Control/CControlTestAction.o" "../Control/CControlTestAction.cpp"
Finished building: ../Control/CControlTestAction.cpp
 
Building file: ../Control/CDT1.cpp
Invoking: Cross G++ Compiler
arm-linux-gnueabihf-g++ -std=c++11 -I"/home/michael/Desktop/Bachelor/Bachelor/6_Software/Eclipse_WS/BBB_1D/Comm" -I"/home/michael/Desktop/Bachelor/Bachelor/6_Software/Eclipse_WS/BBB_1D/Control" -I"/home/michael/Desktop/Bachelor/Bachelor/6_Software/Eclipse_WS/BBB_1D/Hardware" -I"/home/michael/Desktop/Bachelor/Bachelor/6_Software/Eclipse_WS/BBB_1D/lib" -O0 -g3 -Wall -c -fmessage-length=0 -MMD -MP -MF"Control/CDT1.d" -MT"Control/CDT1.o" -o "Control/CDT1.o" "../Control/CDT1.cpp"
Finished building: ../Control/CDT1.cpp
 
Building file: ../Control/CFilterSystem.cpp
Invoking: Cross G++ Compiler
arm-linux-gnueabihf-g++ -std=c++11 -I"/home/michael/Desktop/Bachelor/Bachelor/6_Software/Eclipse_WS/BBB_1D/Comm" -I"/home/michael/Desktop/Bachelor/Bachelor/6_Software/Eclipse_WS/BBB_1D/Control" -I"/home/michael/Desktop/Bachelor/Bachelor/6_Software/Eclipse_WS/BBB_1D/Hardware" -I"/home/michael/Desktop/Bachelor/Bachelor/6_Software/Eclipse_WS/BBB_1D/lib" -O0 -g3 -Wall -c -fmessage-length=0 -MMD -MP -MF"Control/CFilterSystem.d" -MT"Control/CFilterSystem.o" -o "Control/CFilterSystem.o" "../Control/CFilterSystem.cpp"
Finished building: ../Control/CFilterSystem.cpp
 
Building file: ../Control/CLQRControl.cpp
Invoking: Cross G++ Compiler
arm-linux-gnueabihf-g++ -std=c++11 -I"/home/michael/Desktop/Bachelor/Bachelor/6_Software/Eclipse_WS/BBB_1D/Comm" -I"/home/michael/Desktop/Bachelor/Bachelor/6_Software/Eclipse_WS/BBB_1D/Control" -I"/home/michael/Desktop/Bachelor/Bachelor/6_Software/Eclipse_WS/BBB_1D/Hardware" -I"/home/michael/Desktop/Bachelor/Bachelor/6_Software/Eclipse_WS/BBB_1D/lib" -O0 -g3 -Wall -c -fmessage-length=0 -MMD -MP -MF"Control/CLQRControl.d" -MT"Control/CLQRControl.o" -o "Control/CLQRControl.o" "../Control/CLQRControl.cpp"
Finished building: ../Control/CLQRControl.cpp
 
Building file: ../Control/CPT1.cpp
Invoking: Cross G++ Compiler
arm-linux-gnueabihf-g++ -std=c++11 -I"/home/michael/Desktop/Bachelor/Bachelor/6_Software/Eclipse_WS/BBB_1D/Comm" -I"/home/michael/Desktop/Bachelor/Bachelor/6_Software/Eclipse_WS/BBB_1D/Control" -I"/home/michael/Desktop/Bachelor/Bachelor/6_Software/Eclipse_WS/BBB_1D/Hardware" -I"/home/michael/Desktop/Bachelor/Bachelor/6_Software/Eclipse_WS/BBB_1D/lib" -O0 -g3 -Wall -c -fmessage-length=0 -MMD -MP -MF"Control/CPT1.d" -MT"Control/CPT1.o" -o "Control/CPT1.o" "../Control/CPT1.cpp"
Finished building: ../Control/CPT1.cpp
 
Building file: ../Control/CSensorCalibrationAction.cpp
Invoking: Cross G++ Compiler
arm-linux-gnueabihf-g++ -std=c++11 -I"/home/michael/Desktop/Bachelor/Bachelor/6_Software/Eclipse_WS/BBB_1D/Comm" -I"/home/michael/Desktop/Bachelor/Bachelor/6_Software/Eclipse_WS/BBB_1D/Control" -I"/home/michael/Desktop/Bachelor/Bachelor/6_Software/Eclipse_WS/BBB_1D/Hardware" -I"/home/michael/Desktop/Bachelor/Bachelor/6_Software/Eclipse_WS/BBB_1D/lib" -O0 -g3 -Wall -c -fmessage-length=0 -MMD -MP -MF"Control/CSensorCalibrationAction.d" -MT"Control/CSensorCalibrationAction.o" -o "Control/CSensorCalibrationAction.o" "../Control/CSensorCalibrationAction.cpp"
Finished building: ../Control/CSensorCalibrationAction.cpp
 
Building file: ../Control/CSensorEvaluation.cpp
Invoking: Cross G++ Compiler
arm-linux-gnueabihf-g++ -std=c++11 -I"/home/michael/Desktop/Bachelor/Bachelor/6_Software/Eclipse_WS/BBB_1D/Comm" -I"/home/michael/Desktop/Bachelor/Bachelor/6_Software/Eclipse_WS/BBB_1D/Control" -I"/home/michael/Desktop/Bachelor/Bachelor/6_Software/Eclipse_WS/BBB_1D/Hardware" -I"/home/michael/Desktop/Bachelor/Bachelor/6_Software/Eclipse_WS/BBB_1D/lib" -O0 -g3 -Wall -c -fmessage-length=0 -MMD -MP -MF"Control/CSensorEvaluation.d" -MT"Control/CSensorEvaluation.o" -o "Control/CSensorEvaluation.o" "../Control/CSensorEvaluation.cpp"
Finished building: ../Control/CSensorEvaluation.cpp
 
Building file: ../main.cpp
Invoking: Cross G++ Compiler
arm-linux-gnueabihf-g++ -std=c++11 -I"/home/michael/Desktop/Bachelor/Bachelor/6_Software/Eclipse_WS/BBB_1D/Comm" -I"/home/michael/Desktop/Bachelor/Bachelor/6_Software/Eclipse_WS/BBB_1D/Control" -I"/home/michael/Desktop/Bachelor/Bachelor/6_Software/Eclipse_WS/BBB_1D/Hardware" -I"/home/michael/Desktop/Bachelor/Bachelor/6_Software/Eclipse_WS/BBB_1D/lib" -O0 -g3 -Wall -c -fmessage-length=0 -MMD -MP -MF"main.d" -MT"main.o" -o "main.o" "../main.cpp"
Finished building: ../main.cpp
 
Building target: BBB_1D
Invoking: Cross G++ Linker
arm-linux-gnueabihf-g++  -o "BBB_1D"  ./lib/AComponentBase.o ./lib/Assertion.o ./lib/CBinarySemaphore.o ./lib/CCountingSemaphore.o ./lib/CMessage.o ./lib/CMutex.o ./lib/CProxy.o ./lib/CThread.o  ./Hardware/CADC.o ./Hardware/CBBBHardware.o ./Hardware/CBrake.o ./Hardware/CMPU6050.o ./Hardware/CMotor.o  ./Control/CADCCalibration.o ./Control/CADCCalibrationAction.o ./Control/CCascadeControl.o ./Control/CComplementaryFilter.o ./Control/CControlAction.o ./Control/CControlActionBase.o ./Control/CControlComp.o ./Control/CControlTest.o ./Control/CControlTestAction.o ./Control/CDT1.o ./Control/CFilterSystem.o ./Control/CLQRControl.o ./Control/CPT1.o ./Control/CSensorCalibration.o ./Control/CSensorCalibrationAction.o ./Control/CSensorEvaluation.o ./Control/CTimerTask.o  ./Comm/CCommAction.o ./Comm/CCommComponent.o ./Comm/CCommFSM.o ./Comm/CReceiveTask.o ./Comm/CServer.o  ./main.o   -lpthread
Finished building target: BBB_1D
 

16:12:16 Build Finished (took 2s.330ms)

