16:19:11 **** Incremental Build of configuration Debug for project CuBa_BBB_TCPSocket ****
make all 
make: Nothing to be done for 'all'.
16:21:06 **** Incremental Build of configuration Debug for project BBB_3D ****
make all 
make: Nothing to be done for 'all'.
16:21:06 **** Incremental Build of configuration Debug for project CuBa_BBB_TCPSocket ****
make all 
Building file: ../lib/AComponentBase.cpp
Invoking: Cross G++ Compiler
arm-linux-gnueabihf-g++ -std=c++11 -I"/home/michael/Desktop/Bachelor/Bachelor/6_Software/Eclipse_WS/CuBa_BBB_TCPSocket/Comm" -I"/home/michael/Desktop/Bachelor/Bachelor/6_Software/Eclipse_WS/CuBa_BBB_TCPSocket/Control/Action" -I"/home/michael/Desktop/Bachelor/Bachelor/6_Software/Eclipse_WS/CuBa_BBB_TCPSocket/Control/States" -I"/home/michael/Desktop/Bachelor/Bachelor/6_Software/Eclipse_WS/CuBa_BBB_TCPSocket/Control" -I"/home/michael/Desktop/Bachelor/Bachelor/6_Software/Eclipse_WS/CuBa_BBB_TCPSocket/Hardware" -I"/home/michael/Desktop/Bachelor/Bachelor/6_Software/Eclipse_WS/CuBa_BBB_TCPSocket/lib" -O0 -g3 -Wall -c -fmessage-length=0 -MMD -MP -MF"lib/AComponentBase.d" -MT"lib/AComponentBase.o" -o "lib/AComponentBase.o" "../lib/AComponentBase.cpp"
Finished building: ../lib/AComponentBase.cpp
 
Building file: ../lib/CMessage.cpp
Invoking: Cross G++ Compiler
arm-linux-gnueabihf-g++ -std=c++11 -I"/home/michael/Desktop/Bachelor/Bachelor/6_Software/Eclipse_WS/CuBa_BBB_TCPSocket/Comm" -I"/home/michael/Desktop/Bachelor/Bachelor/6_Software/Eclipse_WS/CuBa_BBB_TCPSocket/Control/Action" -I"/home/michael/Desktop/Bachelor/Bachelor/6_Software/Eclipse_WS/CuBa_BBB_TCPSocket/Control/States" -I"/home/michael/Desktop/Bachelor/Bachelor/6_Software/Eclipse_WS/CuBa_BBB_TCPSocket/Control" -I"/home/michael/Desktop/Bachelor/Bachelor/6_Software/Eclipse_WS/CuBa_BBB_TCPSocket/Hardware" -I"/home/michael/Desktop/Bachelor/Bachelor/6_Software/Eclipse_WS/CuBa_BBB_TCPSocket/lib" -O0 -g3 -Wall -c -fmessage-length=0 -MMD -MP -MF"lib/CMessage.d" -MT"lib/CMessage.o" -o "lib/CMessage.o" "../lib/CMessage.cpp"
Finished building: ../lib/CMessage.cpp
 
Building file: ../lib/CProxy.cpp
Invoking: Cross G++ Compiler
arm-linux-gnueabihf-g++ -std=c++11 -I"/home/michael/Desktop/Bachelor/Bachelor/6_Software/Eclipse_WS/CuBa_BBB_TCPSocket/Comm" -I"/home/michael/Desktop/Bachelor/Bachelor/6_Software/Eclipse_WS/CuBa_BBB_TCPSocket/Control/Action" -I"/home/michael/Desktop/Bachelor/Bachelor/6_Software/Eclipse_WS/CuBa_BBB_TCPSocket/Control/States" -I"/home/michael/Desktop/Bachelor/Bachelor/6_Software/Eclipse_WS/CuBa_BBB_TCPSocket/Control" -I"/home/michael/Desktop/Bachelor/Bachelor/6_Software/Eclipse_WS/CuBa_BBB_TCPSocket/Hardware" -I"/home/michael/Desktop/Bachelor/Bachelor/6_Software/Eclipse_WS/CuBa_BBB_TCPSocket/lib" -O0 -g3 -Wall -c -fmessage-length=0 -MMD -MP -MF"lib/CProxy.d" -MT"lib/CProxy.o" -o "lib/CProxy.o" "../lib/CProxy.cpp"
Finished building: ../lib/CProxy.cpp
 
Building file: ../Control/States/AState.cpp
Invoking: Cross G++ Compiler
arm-linux-gnueabihf-g++ -std=c++11 -I"/home/michael/Desktop/Bachelor/Bachelor/6_Software/Eclipse_WS/CuBa_BBB_TCPSocket/Comm" -I"/home/michael/Desktop/Bachelor/Bachelor/6_Software/Eclipse_WS/CuBa_BBB_TCPSocket/Control/Action" -I"/home/michael/Desktop/Bachelor/Bachelor/6_Software/Eclipse_WS/CuBa_BBB_TCPSocket/Control/States" -I"/home/michael/Desktop/Bachelor/Bachelor/6_Software/Eclipse_WS/CuBa_BBB_TCPSocket/Control" -I"/home/michael/Desktop/Bachelor/Bachelor/6_Software/Eclipse_WS/CuBa_BBB_TCPSocket/Hardware" -I"/home/michael/Desktop/Bachelor/Bachelor/6_Software/Eclipse_WS/CuBa_BBB_TCPSocket/lib" -O0 -g3 -Wall -c -fmessage-length=0 -MMD -MP -MF"Control/States/AState.d" -MT"Control/States/AState.o" -o "Control/States/AState.o" "../Control/States/AState.cpp"
Finished building: ../Control/States/AState.cpp
 
Building file: ../Control/Action/CControlAction.cpp
Invoking: Cross G++ Compiler
arm-linux-gnueabihf-g++ -std=c++11 -I"/home/michael/Desktop/Bachelor/Bachelor/6_Software/Eclipse_WS/CuBa_BBB_TCPSocket/Comm" -I"/home/michael/Desktop/Bachelor/Bachelor/6_Software/Eclipse_WS/CuBa_BBB_TCPSocket/Control/Action" -I"/home/michael/Desktop/Bachelor/Bachelor/6_Software/Eclipse_WS/CuBa_BBB_TCPSocket/Control/States" -I"/home/michael/Desktop/Bachelor/Bachelor/6_Software/Eclipse_WS/CuBa_BBB_TCPSocket/Control" -I"/home/michael/Desktop/Bachelor/Bachelor/6_Software/Eclipse_WS/CuBa_BBB_TCPSocket/Hardware" -I"/home/michael/Desktop/Bachelor/Bachelor/6_Software/Eclipse_WS/CuBa_BBB_TCPSocket/lib" -O0 -g3 -Wall -c -fmessage-length=0 -MMD -MP -MF"Control/Action/CControlAction.d" -MT"Control/Action/CControlAction.o" -o "Control/Action/CControlAction.o" "../Control/Action/CControlAction.cpp"
Finished building: ../Control/Action/CControlAction.cpp
 
Building file: ../Control/Action/CControlActionBase.cpp
Invoking: Cross G++ Compiler
arm-linux-gnueabihf-g++ -std=c++11 -I"/home/michael/Desktop/Bachelor/Bachelor/6_Software/Eclipse_WS/CuBa_BBB_TCPSocket/Comm" -I"/home/michael/Desktop/Bachelor/Bachelor/6_Software/Eclipse_WS/CuBa_BBB_TCPSocket/Control/Action" -I"/home/michael/Desktop/Bachelor/Bachelor/6_Software/Eclipse_WS/CuBa_BBB_TCPSocket/Control/States" -I"/home/michael/Desktop/Bachelor/Bachelor/6_Software/Eclipse_WS/CuBa_BBB_TCPSocket/Control" -I"/home/michael/Desktop/Bachelor/Bachelor/6_Software/Eclipse_WS/CuBa_BBB_TCPSocket/Hardware" -I"/home/michael/Desktop/Bachelor/Bachelor/6_Software/Eclipse_WS/CuBa_BBB_TCPSocket/lib" -O0 -g3 -Wall -c -fmessage-length=0 -MMD -MP -MF"Control/Action/CControlActionBase.d" -MT"Control/Action/CControlActionBase.o" -o "Control/Action/CControlActionBase.o" "../Control/Action/CControlActionBase.cpp"
Finished building: ../Control/Action/CControlActionBase.cpp
 
Building file: ../Control/CControlComp.cpp
Invoking: Cross G++ Compiler
arm-linux-gnueabihf-g++ -std=c++11 -I"/home/michael/Desktop/Bachelor/Bachelor/6_Software/Eclipse_WS/CuBa_BBB_TCPSocket/Comm" -I"/home/michael/Desktop/Bachelor/Bachelor/6_Software/Eclipse_WS/CuBa_BBB_TCPSocket/Control/Action" -I"/home/michael/Desktop/Bachelor/Bachelor/6_Software/Eclipse_WS/CuBa_BBB_TCPSocket/Control/States" -I"/home/michael/Desktop/Bachelor/Bachelor/6_Software/Eclipse_WS/CuBa_BBB_TCPSocket/Control" -I"/home/michael/Desktop/Bachelor/Bachelor/6_Software/Eclipse_WS/CuBa_BBB_TCPSocket/Hardware" -I"/home/michael/Desktop/Bachelor/Bachelor/6_Software/Eclipse_WS/CuBa_BBB_TCPSocket/lib" -O0 -g3 -Wall -c -fmessage-length=0 -MMD -MP -MF"Control/CControlComp.d" -MT"Control/CControlComp.o" -o "Control/CControlComp.o" "../Control/CControlComp.cpp"
Finished building: ../Control/CControlComp.cpp
 
Building file: ../Control/CTimerTask.cpp
Invoking: Cross G++ Compiler
arm-linux-gnueabihf-g++ -std=c++11 -I"/home/michael/Desktop/Bachelor/Bachelor/6_Software/Eclipse_WS/CuBa_BBB_TCPSocket/Comm" -I"/home/michael/Desktop/Bachelor/Bachelor/6_Software/Eclipse_WS/CuBa_BBB_TCPSocket/Control/Action" -I"/home/michael/Desktop/Bachelor/Bachelor/6_Software/Eclipse_WS/CuBa_BBB_TCPSocket/Control/States" -I"/home/michael/Desktop/Bachelor/Bachelor/6_Software/Eclipse_WS/CuBa_BBB_TCPSocket/Control" -I"/home/michael/Desktop/Bachelor/Bachelor/6_Software/Eclipse_WS/CuBa_BBB_TCPSocket/Hardware" -I"/home/michael/Desktop/Bachelor/Bachelor/6_Software/Eclipse_WS/CuBa_BBB_TCPSocket/lib" -O0 -g3 -Wall -c -fmessage-length=0 -MMD -MP -MF"Control/CTimerTask.d" -MT"Control/CTimerTask.o" -o "Control/CTimerTask.o" "../Control/CTimerTask.cpp"
Finished building: ../Control/CTimerTask.cpp
 
Building target: CuBa_BBB_TCPSocket
Invoking: Cross G++ Linker
arm-linux-gnueabihf-g++  -o "CuBa_BBB_TCPSocket"  ./lib/AComponentBase.o ./lib/Assertion.o ./lib/CBinarySemaphore.o ./lib/CCountingSemaphore.o ./lib/CMessage.o ./lib/CMutex.o ./lib/CProxy.o ./lib/CThread.o ./lib/TMatrix.o  ./Hardware/CADC.o ./Hardware/CADCData.o ./Hardware/CADCMMap.o ./Hardware/CGPIO.o ./Hardware/CHardware.o ./Hardware/CMPU9250.o ./Hardware/CMPUData.o ./Hardware/CMotor.o ./Hardware/CPWM.o ./Hardware/CSensorData.o ./Hardware/CSensorSystem.o ./Hardware/CSwitch.o ./Hardware/CTorqueData.o  ./Control/States/AState.o  ./Control/Action/CControlAction.o ./Control/Action/CControlActionBase.o  ./Control/CControlComp.o ./Control/CTimerTask.o  ./main.o   -lpthread
Finished building target: CuBa_BBB_TCPSocket
 
16:21:45 **** Incremental Build of configuration Debug for project BBB_3D ****
make all 
make: Nothing to be done for 'all'.
16:21:45 **** Incremental Build of configuration Debug for project CuBa_BBB_TCPSocket ****
make all 
Building file: ../lib/AComponentBase.cpp
Invoking: Cross G++ Compiler
arm-linux-gnueabihf-g++ -std=c++11 -I"/home/michael/Desktop/Bachelor/Bachelor/6_Software/Eclipse_WS/CuBa_BBB_TCPSocket/Comm" -I"/home/michael/Desktop/Bachelor/Bachelor/6_Software/Eclipse_WS/CuBa_BBB_TCPSocket/Control/Action" -I"/home/michael/Desktop/Bachelor/Bachelor/6_Software/Eclipse_WS/CuBa_BBB_TCPSocket/Control/States" -I"/home/michael/Desktop/Bachelor/Bachelor/6_Software/Eclipse_WS/CuBa_BBB_TCPSocket/Control" -I"/home/michael/Desktop/Bachelor/Bachelor/6_Software/Eclipse_WS/CuBa_BBB_TCPSocket/Hardware" -I"/home/michael/Desktop/Bachelor/Bachelor/6_Software/Eclipse_WS/CuBa_BBB_TCPSocket/lib" -O0 -g3 -Wall -c -fmessage-length=0 -MMD -MP -MF"lib/AComponentBase.d" -MT"lib/AComponentBase.o" -o "lib/AComponentBase.o" "../lib/AComponentBase.cpp"
Finished building: ../lib/AComponentBase.cpp
 
Building file: ../lib/CMessage.cpp
Invoking: Cross G++ Compiler
arm-linux-gnueabihf-g++ -std=c++11 -I"/home/michael/Desktop/Bachelor/Bachelor/6_Software/Eclipse_WS/CuBa_BBB_TCPSocket/Comm" -I"/home/michael/Desktop/Bachelor/Bachelor/6_Software/Eclipse_WS/CuBa_BBB_TCPSocket/Control/Action" -I"/home/michael/Desktop/Bachelor/Bachelor/6_Software/Eclipse_WS/CuBa_BBB_TCPSocket/Control/States" -I"/home/michael/Desktop/Bachelor/Bachelor/6_Software/Eclipse_WS/CuBa_BBB_TCPSocket/Control" -I"/home/michael/Desktop/Bachelor/Bachelor/6_Software/Eclipse_WS/CuBa_BBB_TCPSocket/Hardware" -I"/home/michael/Desktop/Bachelor/Bachelor/6_Software/Eclipse_WS/CuBa_BBB_TCPSocket/lib" -O0 -g3 -Wall -c -fmessage-length=0 -MMD -MP -MF"lib/CMessage.d" -MT"lib/CMessage.o" -o "lib/CMessage.o" "../lib/CMessage.cpp"
Finished building: ../lib/CMessage.cpp
 
Building file: ../lib/CProxy.cpp
Invoking: Cross G++ Compiler
arm-linux-gnueabihf-g++ -std=c++11 -I"/home/michael/Desktop/Bachelor/Bachelor/6_Software/Eclipse_WS/CuBa_BBB_TCPSocket/Comm" -I"/home/michael/Desktop/Bachelor/Bachelor/6_Software/Eclipse_WS/CuBa_BBB_TCPSocket/Control/Action" -I"/home/michael/Desktop/Bachelor/Bachelor/6_Software/Eclipse_WS/CuBa_BBB_TCPSocket/Control/States" -I"/home/michael/Desktop/Bachelor/Bachelor/6_Software/Eclipse_WS/CuBa_BBB_TCPSocket/Control" -I"/home/michael/Desktop/Bachelor/Bachelor/6_Software/Eclipse_WS/CuBa_BBB_TCPSocket/Hardware" -I"/home/michael/Desktop/Bachelor/Bachelor/6_Software/Eclipse_WS/CuBa_BBB_TCPSocket/lib" -O0 -g3 -Wall -c -fmessage-length=0 -MMD -MP -MF"lib/CProxy.d" -MT"lib/CProxy.o" -o "lib/CProxy.o" "../lib/CProxy.cpp"
Finished building: ../lib/CProxy.cpp
 
Building file: ../Control/States/AState.cpp
Invoking: Cross G++ Compiler
arm-linux-gnueabihf-g++ -std=c++11 -I"/home/michael/Desktop/Bachelor/Bachelor/6_Software/Eclipse_WS/CuBa_BBB_TCPSocket/Comm" -I"/home/michael/Desktop/Bachelor/Bachelor/6_Software/Eclipse_WS/CuBa_BBB_TCPSocket/Control/Action" -I"/home/michael/Desktop/Bachelor/Bachelor/6_Software/Eclipse_WS/CuBa_BBB_TCPSocket/Control/States" -I"/home/michael/Desktop/Bachelor/Bachelor/6_Software/Eclipse_WS/CuBa_BBB_TCPSocket/Control" -I"/home/michael/Desktop/Bachelor/Bachelor/6_Software/Eclipse_WS/CuBa_BBB_TCPSocket/Hardware" -I"/home/michael/Desktop/Bachelor/Bachelor/6_Software/Eclipse_WS/CuBa_BBB_TCPSocket/lib" -O0 -g3 -Wall -c -fmessage-length=0 -MMD -MP -MF"Control/States/AState.d" -MT"Control/States/AState.o" -o "Control/States/AState.o" "../Control/States/AState.cpp"
Finished building: ../Control/States/AState.cpp
 
Building file: ../Control/Action/CControlAction.cpp
Invoking: Cross G++ Compiler
arm-linux-gnueabihf-g++ -std=c++11 -I"/home/michael/Desktop/Bachelor/Bachelor/6_Software/Eclipse_WS/CuBa_BBB_TCPSocket/Comm" -I"/home/michael/Desktop/Bachelor/Bachelor/6_Software/Eclipse_WS/CuBa_BBB_TCPSocket/Control/Action" -I"/home/michael/Desktop/Bachelor/Bachelor/6_Software/Eclipse_WS/CuBa_BBB_TCPSocket/Control/States" -I"/home/michael/Desktop/Bachelor/Bachelor/6_Software/Eclipse_WS/CuBa_BBB_TCPSocket/Control" -I"/home/michael/Desktop/Bachelor/Bachelor/6_Software/Eclipse_WS/CuBa_BBB_TCPSocket/Hardware" -I"/home/michael/Desktop/Bachelor/Bachelor/6_Software/Eclipse_WS/CuBa_BBB_TCPSocket/lib" -O0 -g3 -Wall -c -fmessage-length=0 -MMD -MP -MF"Control/Action/CControlAction.d" -MT"Control/Action/CControlAction.o" -o "Control/Action/CControlAction.o" "../Control/Action/CControlAction.cpp"
Finished building: ../Control/Action/CControlAction.cpp
 
Building file: ../Control/Action/CControlActionBase.cpp
Invoking: Cross G++ Compiler
arm-linux-gnueabihf-g++ -std=c++11 -I"/home/michael/Desktop/Bachelor/Bachelor/6_Software/Eclipse_WS/CuBa_BBB_TCPSocket/Comm" -I"/home/michael/Desktop/Bachelor/Bachelor/6_Software/Eclipse_WS/CuBa_BBB_TCPSocket/Control/Action" -I"/home/michael/Desktop/Bachelor/Bachelor/6_Software/Eclipse_WS/CuBa_BBB_TCPSocket/Control/States" -I"/home/michael/Desktop/Bachelor/Bachelor/6_Software/Eclipse_WS/CuBa_BBB_TCPSocket/Control" -I"/home/michael/Desktop/Bachelor/Bachelor/6_Software/Eclipse_WS/CuBa_BBB_TCPSocket/Hardware" -I"/home/michael/Desktop/Bachelor/Bachelor/6_Software/Eclipse_WS/CuBa_BBB_TCPSocket/lib" -O0 -g3 -Wall -c -fmessage-length=0 -MMD -MP -MF"Control/Action/CControlActionBase.d" -MT"Control/Action/CControlActionBase.o" -o "Control/Action/CControlActionBase.o" "../Control/Action/CControlActionBase.cpp"
Finished building: ../Control/Action/CControlActionBase.cpp
 
Building file: ../Control/CControlComp.cpp
Invoking: Cross G++ Compiler
arm-linux-gnueabihf-g++ -std=c++11 -I"/home/michael/Desktop/Bachelor/Bachelor/6_Software/Eclipse_WS/CuBa_BBB_TCPSocket/Comm" -I"/home/michael/Desktop/Bachelor/Bachelor/6_Software/Eclipse_WS/CuBa_BBB_TCPSocket/Control/Action" -I"/home/michael/Desktop/Bachelor/Bachelor/6_Software/Eclipse_WS/CuBa_BBB_TCPSocket/Control/States" -I"/home/michael/Desktop/Bachelor/Bachelor/6_Software/Eclipse_WS/CuBa_BBB_TCPSocket/Control" -I"/home/michael/Desktop/Bachelor/Bachelor/6_Software/Eclipse_WS/CuBa_BBB_TCPSocket/Hardware" -I"/home/michael/Desktop/Bachelor/Bachelor/6_Software/Eclipse_WS/CuBa_BBB_TCPSocket/lib" -O0 -g3 -Wall -c -fmessage-length=0 -MMD -MP -MF"Control/CControlComp.d" -MT"Control/CControlComp.o" -o "Control/CControlComp.o" "../Control/CControlComp.cpp"
Finished building: ../Control/CControlComp.cpp
 
Building file: ../Control/CTimerTask.cpp
Invoking: Cross G++ Compiler
arm-linux-gnueabihf-g++ -std=c++11 -I"/home/michael/Desktop/Bachelor/Bachelor/6_Software/Eclipse_WS/CuBa_BBB_TCPSocket/Comm" -I"/home/michael/Desktop/Bachelor/Bachelor/6_Software/Eclipse_WS/CuBa_BBB_TCPSocket/Control/Action" -I"/home/michael/Desktop/Bachelor/Bachelor/6_Software/Eclipse_WS/CuBa_BBB_TCPSocket/Control/States" -I"/home/michael/Desktop/Bachelor/Bachelor/6_Software/Eclipse_WS/CuBa_BBB_TCPSocket/Control" -I"/home/michael/Desktop/Bachelor/Bachelor/6_Software/Eclipse_WS/CuBa_BBB_TCPSocket/Hardware" -I"/home/michael/Desktop/Bachelor/Bachelor/6_Software/Eclipse_WS/CuBa_BBB_TCPSocket/lib" -O0 -g3 -Wall -c -fmessage-length=0 -MMD -MP -MF"Control/CTimerTask.d" -MT"Control/CTimerTask.o" -o "Control/CTimerTask.o" "../Control/CTimerTask.cpp"
Finished building: ../Control/CTimerTask.cpp
 
Building target: CuBa_BBB_TCPSocket
Invoking: Cross G++ Linker
arm-linux-gnueabihf-g++  -o "CuBa_BBB_TCPSocket"  ./lib/AComponentBase.o ./lib/Assertion.o ./lib/CBinarySemaphore.o ./lib/CCountingSemaphore.o ./lib/CMessage.o ./lib/CMutex.o ./lib/CProxy.o ./lib/CThread.o ./lib/TMatrix.o  ./Hardware/CADC.o ./Hardware/CADCData.o ./Hardware/CADCMMap.o ./Hardware/CGPIO.o ./Hardware/CHardware.o ./Hardware/CMPU9250.o ./Hardware/CMPUData.o ./Hardware/CMotor.o ./Hardware/CPWM.o ./Hardware/CSensorData.o ./Hardware/CSensorSystem.o ./Hardware/CSwitch.o ./Hardware/CTorqueData.o  ./Control/States/AState.o  ./Control/Action/CControlAction.o ./Control/Action/CControlActionBase.o  ./Control/CControlComp.o ./Control/CTimerTask.o  ./main.o   -lpthread
Finished building target: CuBa_BBB_TCPSocket
 
16:23:19 **** Incremental Build of configuration Debug for project BBB_3D ****
make all 
make: Nothing to be done for 'all'.
16:23:19 **** Incremental Build of configuration Debug for project CuBa_BBB_TCPSocket ****
make all 
Building file: ../lib/AComponentBase.cpp
Invoking: Cross G++ Compiler
arm-linux-gnueabihf-g++ -std=c++11 -I"/home/michael/Desktop/Bachelor/Bachelor/6_Software/Eclipse_WS/CuBa_BBB_TCPSocket/Comm" -I"/home/michael/Desktop/Bachelor/Bachelor/6_Software/Eclipse_WS/CuBa_BBB_TCPSocket/Control/Action" -I"/home/michael/Desktop/Bachelor/Bachelor/6_Software/Eclipse_WS/CuBa_BBB_TCPSocket/Control/States" -I"/home/michael/Desktop/Bachelor/Bachelor/6_Software/Eclipse_WS/CuBa_BBB_TCPSocket/Control" -I"/home/michael/Desktop/Bachelor/Bachelor/6_Software/Eclipse_WS/CuBa_BBB_TCPSocket/Hardware" -I"/home/michael/Desktop/Bachelor/Bachelor/6_Software/Eclipse_WS/CuBa_BBB_TCPSocket/lib" -O0 -g3 -Wall -c -fmessage-length=0 -MMD -MP -MF"lib/AComponentBase.d" -MT"lib/AComponentBase.o" -o "lib/AComponentBase.o" "../lib/AComponentBase.cpp"
Finished building: ../lib/AComponentBase.cpp
 
Building file: ../lib/CProxy.cpp
Invoking: Cross G++ Compiler
arm-linux-gnueabihf-g++ -std=c++11 -I"/home/michael/Desktop/Bachelor/Bachelor/6_Software/Eclipse_WS/CuBa_BBB_TCPSocket/Comm" -I"/home/michael/Desktop/Bachelor/Bachelor/6_Software/Eclipse_WS/CuBa_BBB_TCPSocket/Control/Action" -I"/home/michael/Desktop/Bachelor/Bachelor/6_Software/Eclipse_WS/CuBa_BBB_TCPSocket/Control/States" -I"/home/michael/Desktop/Bachelor/Bachelor/6_Software/Eclipse_WS/CuBa_BBB_TCPSocket/Control" -I"/home/michael/Desktop/Bachelor/Bachelor/6_Software/Eclipse_WS/CuBa_BBB_TCPSocket/Hardware" -I"/home/michael/Desktop/Bachelor/Bachelor/6_Software/Eclipse_WS/CuBa_BBB_TCPSocket/lib" -O0 -g3 -Wall -c -fmessage-length=0 -MMD -MP -MF"lib/CProxy.d" -MT"lib/CProxy.o" -o "lib/CProxy.o" "../lib/CProxy.cpp"
Finished building: ../lib/CProxy.cpp
 
Building file: ../Control/Action/CControlAction.cpp
Invoking: Cross G++ Compiler
arm-linux-gnueabihf-g++ -std=c++11 -I"/home/michael/Desktop/Bachelor/Bachelor/6_Software/Eclipse_WS/CuBa_BBB_TCPSocket/Comm" -I"/home/michael/Desktop/Bachelor/Bachelor/6_Software/Eclipse_WS/CuBa_BBB_TCPSocket/Control/Action" -I"/home/michael/Desktop/Bachelor/Bachelor/6_Software/Eclipse_WS/CuBa_BBB_TCPSocket/Control/States" -I"/home/michael/Desktop/Bachelor/Bachelor/6_Software/Eclipse_WS/CuBa_BBB_TCPSocket/Control" -I"/home/michael/Desktop/Bachelor/Bachelor/6_Software/Eclipse_WS/CuBa_BBB_TCPSocket/Hardware" -I"/home/michael/Desktop/Bachelor/Bachelor/6_Software/Eclipse_WS/CuBa_BBB_TCPSocket/lib" -O0 -g3 -Wall -c -fmessage-length=0 -MMD -MP -MF"Control/Action/CControlAction.d" -MT"Control/Action/CControlAction.o" -o "Control/Action/CControlAction.o" "../Control/Action/CControlAction.cpp"
Finished building: ../Control/Action/CControlAction.cpp
 
Building file: ../Control/Action/CControlActionBase.cpp
Invoking: Cross G++ Compiler
arm-linux-gnueabihf-g++ -std=c++11 -I"/home/michael/Desktop/Bachelor/Bachelor/6_Software/Eclipse_WS/CuBa_BBB_TCPSocket/Comm" -I"/home/michael/Desktop/Bachelor/Bachelor/6_Software/Eclipse_WS/CuBa_BBB_TCPSocket/Control/Action" -I"/home/michael/Desktop/Bachelor/Bachelor/6_Software/Eclipse_WS/CuBa_BBB_TCPSocket/Control/States" -I"/home/michael/Desktop/Bachelor/Bachelor/6_Software/Eclipse_WS/CuBa_BBB_TCPSocket/Control" -I"/home/michael/Desktop/Bachelor/Bachelor/6_Software/Eclipse_WS/CuBa_BBB_TCPSocket/Hardware" -I"/home/michael/Desktop/Bachelor/Bachelor/6_Software/Eclipse_WS/CuBa_BBB_TCPSocket/lib" -O0 -g3 -Wall -c -fmessage-length=0 -MMD -MP -MF"Control/Action/CControlActionBase.d" -MT"Control/Action/CControlActionBase.o" -o "Control/Action/CControlActionBase.o" "../Control/Action/CControlActionBase.cpp"
Finished building: ../Control/Action/CControlActionBase.cpp
 
Building file: ../Control/CControlComp.cpp
Invoking: Cross G++ Compiler
arm-linux-gnueabihf-g++ -std=c++11 -I"/home/michael/Desktop/Bachelor/Bachelor/6_Software/Eclipse_WS/CuBa_BBB_TCPSocket/Comm" -I"/home/michael/Desktop/Bachelor/Bachelor/6_Software/Eclipse_WS/CuBa_BBB_TCPSocket/Control/Action" -I"/home/michael/Desktop/Bachelor/Bachelor/6_Software/Eclipse_WS/CuBa_BBB_TCPSocket/Control/States" -I"/home/michael/Desktop/Bachelor/Bachelor/6_Software/Eclipse_WS/CuBa_BBB_TCPSocket/Control" -I"/home/michael/Desktop/Bachelor/Bachelor/6_Software/Eclipse_WS/CuBa_BBB_TCPSocket/Hardware" -I"/home/michael/Desktop/Bachelor/Bachelor/6_Software/Eclipse_WS/CuBa_BBB_TCPSocket/lib" -O0 -g3 -Wall -c -fmessage-length=0 -MMD -MP -MF"Control/CControlComp.d" -MT"Control/CControlComp.o" -o "Control/CControlComp.o" "../Control/CControlComp.cpp"
Finished building: ../Control/CControlComp.cpp
 
Building file: ../Control/CTimerTask.cpp
Invoking: Cross G++ Compiler
arm-linux-gnueabihf-g++ -std=c++11 -I"/home/michael/Desktop/Bachelor/Bachelor/6_Software/Eclipse_WS/CuBa_BBB_TCPSocket/Comm" -I"/home/michael/Desktop/Bachelor/Bachelor/6_Software/Eclipse_WS/CuBa_BBB_TCPSocket/Control/Action" -I"/home/michael/Desktop/Bachelor/Bachelor/6_Software/Eclipse_WS/CuBa_BBB_TCPSocket/Control/States" -I"/home/michael/Desktop/Bachelor/Bachelor/6_Software/Eclipse_WS/CuBa_BBB_TCPSocket/Control" -I"/home/michael/Desktop/Bachelor/Bachelor/6_Software/Eclipse_WS/CuBa_BBB_TCPSocket/Hardware" -I"/home/michael/Desktop/Bachelor/Bachelor/6_Software/Eclipse_WS/CuBa_BBB_TCPSocket/lib" -O0 -g3 -Wall -c -fmessage-length=0 -MMD -MP -MF"Control/CTimerTask.d" -MT"Control/CTimerTask.o" -o "Control/CTimerTask.o" "../Control/CTimerTask.cpp"
Finished building: ../Control/CTimerTask.cpp
 
Building target: CuBa_BBB_TCPSocket
Invoking: Cross G++ Linker
arm-linux-gnueabihf-g++  -o "CuBa_BBB_TCPSocket"  ./lib/AComponentBase.o ./lib/Assertion.o ./lib/CBinarySemaphore.o ./lib/CCountingSemaphore.o ./lib/CMessage.o ./lib/CMutex.o ./lib/CProxy.o ./lib/CThread.o ./lib/TMatrix.o  ./Hardware/CADC.o ./Hardware/CADCData.o ./Hardware/CADCMMap.o ./Hardware/CGPIO.o ./Hardware/CHardware.o ./Hardware/CMPU9250.o ./Hardware/CMPUData.o ./Hardware/CMotor.o ./Hardware/CPWM.o ./Hardware/CSensorData.o ./Hardware/CSensorSystem.o ./Hardware/CSwitch.o ./Hardware/CTorqueData.o  ./Control/States/AState.o  ./Control/Action/CControlAction.o ./Control/Action/CControlActionBase.o  ./Control/CControlComp.o ./Control/CTimerTask.o  ./main.o   -lpthread
Finished building target: CuBa_BBB_TCPSocket
 
16:23:58 **** Incremental Build of configuration Debug for project BBB_3D ****
make all 
make: Nothing to be done for 'all'.
16:23:58 **** Incremental Build of configuration Debug for project CuBa_BBB_TCPSocket ****
make all 
Building file: ../Control/CTimerTask.cpp
Invoking: Cross G++ Compiler
arm-linux-gnueabihf-g++ -std=c++11 -I"/home/michael/Desktop/Bachelor/Bachelor/6_Software/Eclipse_WS/CuBa_BBB_TCPSocket/Comm" -I"/home/michael/Desktop/Bachelor/Bachelor/6_Software/Eclipse_WS/CuBa_BBB_TCPSocket/Control/Action" -I"/home/michael/Desktop/Bachelor/Bachelor/6_Software/Eclipse_WS/CuBa_BBB_TCPSocket/Control/States" -I"/home/michael/Desktop/Bachelor/Bachelor/6_Software/Eclipse_WS/CuBa_BBB_TCPSocket/Control" -I"/home/michael/Desktop/Bachelor/Bachelor/6_Software/Eclipse_WS/CuBa_BBB_TCPSocket/Hardware" -I"/home/michael/Desktop/Bachelor/Bachelor/6_Software/Eclipse_WS/CuBa_BBB_TCPSocket/lib" -O0 -g3 -Wall -c -fmessage-length=0 -MMD -MP -MF"Control/CTimerTask.d" -MT"Control/CTimerTask.o" -o "Control/CTimerTask.o" "../Control/CTimerTask.cpp"
../Control/CTimerTask.cpp: In member function ‘virtual void CTimerTask::run()’:
../Control/CTimerTask.cpp:31:40: error: invalid operands of types ‘bool’ and ‘void’ to binary ‘operator==’
   if(false ==mProxyPtr->timerTick(false))
                                        ^
Control/subdir.mk:21: recipe for target 'Control/CTimerTask.o' failed
make: *** [Control/CTimerTask.o] Error 1
16:24:13 **** Incremental Build of configuration Debug for project BBB_3D ****
make all 
make: Nothing to be done for 'all'.
16:24:13 **** Incremental Build of configuration Debug for project CuBa_BBB_TCPSocket ****
make all 
Building file: ../Control/CTimerTask.cpp
Invoking: Cross G++ Compiler
arm-linux-gnueabihf-g++ -std=c++11 -I"/home/michael/Desktop/Bachelor/Bachelor/6_Software/Eclipse_WS/CuBa_BBB_TCPSocket/Comm" -I"/home/michael/Desktop/Bachelor/Bachelor/6_Software/Eclipse_WS/CuBa_BBB_TCPSocket/Control/Action" -I"/home/michael/Desktop/Bachelor/Bachelor/6_Software/Eclipse_WS/CuBa_BBB_TCPSocket/Control/States" -I"/home/michael/Desktop/Bachelor/Bachelor/6_Software/Eclipse_WS/CuBa_BBB_TCPSocket/Control" -I"/home/michael/Desktop/Bachelor/Bachelor/6_Software/Eclipse_WS/CuBa_BBB_TCPSocket/Hardware" -I"/home/michael/Desktop/Bachelor/Bachelor/6_Software/Eclipse_WS/CuBa_BBB_TCPSocket/lib" -O0 -g3 -Wall -c -fmessage-length=0 -MMD -MP -MF"Control/CTimerTask.d" -MT"Control/CTimerTask.o" -o "Control/CTimerTask.o" "../Control/CTimerTask.cpp"
../Control/CTimerTask.cpp: In member function ‘virtual void CTimerTask::run()’:
../Control/CTimerTask.cpp:31:41: error: invalid operands of types ‘bool’ and ‘void’ to binary ‘operator==’
   if(false == mProxyPtr->timerTick(false))
                                         ^
Control/subdir.mk:21: recipe for target 'Control/CTimerTask.o' failed
make: *** [Control/CTimerTask.o] Error 1
16:24:29 **** Incremental Build of configuration Debug for project BBB_3D ****
make all 
make: Nothing to be done for 'all'.
16:24:30 **** Incremental Build of configuration Debug for project CuBa_BBB_TCPSocket ****
make all 
Building file: ../lib/AComponentBase.cpp
Invoking: Cross G++ Compiler
arm-linux-gnueabihf-g++ -std=c++11 -I"/home/michael/Desktop/Bachelor/Bachelor/6_Software/Eclipse_WS/CuBa_BBB_TCPSocket/Comm" -I"/home/michael/Desktop/Bachelor/Bachelor/6_Software/Eclipse_WS/CuBa_BBB_TCPSocket/Control/Action" -I"/home/michael/Desktop/Bachelor/Bachelor/6_Software/Eclipse_WS/CuBa_BBB_TCPSocket/Control/States" -I"/home/michael/Desktop/Bachelor/Bachelor/6_Software/Eclipse_WS/CuBa_BBB_TCPSocket/Control" -I"/home/michael/Desktop/Bachelor/Bachelor/6_Software/Eclipse_WS/CuBa_BBB_TCPSocket/Hardware" -I"/home/michael/Desktop/Bachelor/Bachelor/6_Software/Eclipse_WS/CuBa_BBB_TCPSocket/lib" -O0 -g3 -Wall -c -fmessage-length=0 -MMD -MP -MF"lib/AComponentBase.d" -MT"lib/AComponentBase.o" -o "lib/AComponentBase.o" "../lib/AComponentBase.cpp"
Finished building: ../lib/AComponentBase.cpp
 
Building file: ../lib/CProxy.cpp
Invoking: Cross G++ Compiler
arm-linux-gnueabihf-g++ -std=c++11 -I"/home/michael/Desktop/Bachelor/Bachelor/6_Software/Eclipse_WS/CuBa_BBB_TCPSocket/Comm" -I"/home/michael/Desktop/Bachelor/Bachelor/6_Software/Eclipse_WS/CuBa_BBB_TCPSocket/Control/Action" -I"/home/michael/Desktop/Bachelor/Bachelor/6_Software/Eclipse_WS/CuBa_BBB_TCPSocket/Control/States" -I"/home/michael/Desktop/Bachelor/Bachelor/6_Software/Eclipse_WS/CuBa_BBB_TCPSocket/Control" -I"/home/michael/Desktop/Bachelor/Bachelor/6_Software/Eclipse_WS/CuBa_BBB_TCPSocket/Hardware" -I"/home/michael/Desktop/Bachelor/Bachelor/6_Software/Eclipse_WS/CuBa_BBB_TCPSocket/lib" -O0 -g3 -Wall -c -fmessage-length=0 -MMD -MP -MF"lib/CProxy.d" -MT"lib/CProxy.o" -o "lib/CProxy.o" "../lib/CProxy.cpp"
Finished building: ../lib/CProxy.cpp
 
Building file: ../Control/Action/CControlAction.cpp
Invoking: Cross G++ Compiler
arm-linux-gnueabihf-g++ -std=c++11 -I"/home/michael/Desktop/Bachelor/Bachelor/6_Software/Eclipse_WS/CuBa_BBB_TCPSocket/Comm" -I"/home/michael/Desktop/Bachelor/Bachelor/6_Software/Eclipse_WS/CuBa_BBB_TCPSocket/Control/Action" -I"/home/michael/Desktop/Bachelor/Bachelor/6_Software/Eclipse_WS/CuBa_BBB_TCPSocket/Control/States" -I"/home/michael/Desktop/Bachelor/Bachelor/6_Software/Eclipse_WS/CuBa_BBB_TCPSocket/Control" -I"/home/michael/Desktop/Bachelor/Bachelor/6_Software/Eclipse_WS/CuBa_BBB_TCPSocket/Hardware" -I"/home/michael/Desktop/Bachelor/Bachelor/6_Software/Eclipse_WS/CuBa_BBB_TCPSocket/lib" -O0 -g3 -Wall -c -fmessage-length=0 -MMD -MP -MF"Control/Action/CControlAction.d" -MT"Control/Action/CControlAction.o" -o "Control/Action/CControlAction.o" "../Control/Action/CControlAction.cpp"
Finished building: ../Control/Action/CControlAction.cpp
 
Building file: ../Control/Action/CControlActionBase.cpp
Invoking: Cross G++ Compiler
arm-linux-gnueabihf-g++ -std=c++11 -I"/home/michael/Desktop/Bachelor/Bachelor/6_Software/Eclipse_WS/CuBa_BBB_TCPSocket/Comm" -I"/home/michael/Desktop/Bachelor/Bachelor/6_Software/Eclipse_WS/CuBa_BBB_TCPSocket/Control/Action" -I"/home/michael/Desktop/Bachelor/Bachelor/6_Software/Eclipse_WS/CuBa_BBB_TCPSocket/Control/States" -I"/home/michael/Desktop/Bachelor/Bachelor/6_Software/Eclipse_WS/CuBa_BBB_TCPSocket/Control" -I"/home/michael/Desktop/Bachelor/Bachelor/6_Software/Eclipse_WS/CuBa_BBB_TCPSocket/Hardware" -I"/home/michael/Desktop/Bachelor/Bachelor/6_Software/Eclipse_WS/CuBa_BBB_TCPSocket/lib" -O0 -g3 -Wall -c -fmessage-length=0 -MMD -MP -MF"Control/Action/CControlActionBase.d" -MT"Control/Action/CControlActionBase.o" -o "Control/Action/CControlActionBase.o" "../Control/Action/CControlActionBase.cpp"
Finished building: ../Control/Action/CControlActionBase.cpp
 
Building file: ../Control/CControlComp.cpp
Invoking: Cross G++ Compiler
arm-linux-gnueabihf-g++ -std=c++11 -I"/home/michael/Desktop/Bachelor/Bachelor/6_Software/Eclipse_WS/CuBa_BBB_TCPSocket/Comm" -I"/home/michael/Desktop/Bachelor/Bachelor/6_Software/Eclipse_WS/CuBa_BBB_TCPSocket/Control/Action" -I"/home/michael/Desktop/Bachelor/Bachelor/6_Software/Eclipse_WS/CuBa_BBB_TCPSocket/Control/States" -I"/home/michael/Desktop/Bachelor/Bachelor/6_Software/Eclipse_WS/CuBa_BBB_TCPSocket/Control" -I"/home/michael/Desktop/Bachelor/Bachelor/6_Software/Eclipse_WS/CuBa_BBB_TCPSocket/Hardware" -I"/home/michael/Desktop/Bachelor/Bachelor/6_Software/Eclipse_WS/CuBa_BBB_TCPSocket/lib" -O0 -g3 -Wall -c -fmessage-length=0 -MMD -MP -MF"Control/CControlComp.d" -MT"Control/CControlComp.o" -o "Control/CControlComp.o" "../Control/CControlComp.cpp"
Finished building: ../Control/CControlComp.cpp
 
Building file: ../Control/CTimerTask.cpp
Invoking: Cross G++ Compiler
arm-linux-gnueabihf-g++ -std=c++11 -I"/home/michael/Desktop/Bachelor/Bachelor/6_Software/Eclipse_WS/CuBa_BBB_TCPSocket/Comm" -I"/home/michael/Desktop/Bachelor/Bachelor/6_Software/Eclipse_WS/CuBa_BBB_TCPSocket/Control/Action" -I"/home/michael/Desktop/Bachelor/Bachelor/6_Software/Eclipse_WS/CuBa_BBB_TCPSocket/Control/States" -I"/home/michael/Desktop/Bachelor/Bachelor/6_Software/Eclipse_WS/CuBa_BBB_TCPSocket/Control" -I"/home/michael/Desktop/Bachelor/Bachelor/6_Software/Eclipse_WS/CuBa_BBB_TCPSocket/Hardware" -I"/home/michael/Desktop/Bachelor/Bachelor/6_Software/Eclipse_WS/CuBa_BBB_TCPSocket/lib" -O0 -g3 -Wall -c -fmessage-length=0 -MMD -MP -MF"Control/CTimerTask.d" -MT"Control/CTimerTask.o" -o "Control/CTimerTask.o" "../Control/CTimerTask.cpp"
Finished building: ../Control/CTimerTask.cpp
 
Building target: CuBa_BBB_TCPSocket
Invoking: Cross G++ Linker
arm-linux-gnueabihf-g++  -o "CuBa_BBB_TCPSocket"  ./lib/AComponentBase.o ./lib/Assertion.o ./lib/CBinarySemaphore.o ./lib/CCountingSemaphore.o ./lib/CMessage.o ./lib/CMutex.o ./lib/CProxy.o ./lib/CThread.o ./lib/TMatrix.o  ./Hardware/CADC.o ./Hardware/CADCData.o ./Hardware/CADCMMap.o ./Hardware/CGPIO.o ./Hardware/CHardware.o ./Hardware/CMPU9250.o ./Hardware/CMPUData.o ./Hardware/CMotor.o ./Hardware/CPWM.o ./Hardware/CSensorData.o ./Hardware/CSensorSystem.o ./Hardware/CSwitch.o ./Hardware/CTorqueData.o  ./Control/States/AState.o  ./Control/Action/CControlAction.o ./Control/Action/CControlActionBase.o  ./Control/CControlComp.o ./Control/CTimerTask.o  ./main.o   -lpthread
Finished building target: CuBa_BBB_TCPSocket
 
16:29:30 **** Incremental Build of configuration Debug for project BBB_3D ****
make all 
make: Nothing to be done for 'all'.
16:29:31 **** Incremental Build of configuration Debug for project CuBa_BBB_TCPSocket ****
make all 
Building file: ../Comm/CCommAction.cpp
Invoking: Cross G++ Compiler
arm-linux-gnueabihf-g++ -std=c++11 -I"/home/michael/Desktop/Bachelor/Bachelor/6_Software/Eclipse_WS/CuBa_BBB_TCPSocket/Comm" -I"/home/michael/Desktop/Bachelor/Bachelor/6_Software/Eclipse_WS/CuBa_BBB_TCPSocket/Control/Action" -I"/home/michael/Desktop/Bachelor/Bachelor/6_Software/Eclipse_WS/CuBa_BBB_TCPSocket/Control/States" -I"/home/michael/Desktop/Bachelor/Bachelor/6_Software/Eclipse_WS/CuBa_BBB_TCPSocket/Control" -I"/home/michael/Desktop/Bachelor/Bachelor/6_Software/Eclipse_WS/CuBa_BBB_TCPSocket/Hardware" -I"/home/michael/Desktop/Bachelor/Bachelor/6_Software/Eclipse_WS/CuBa_BBB_TCPSocket/lib" -O0 -g3 -Wall -c -fmessage-length=0 -MMD -MP -MF"Comm/CCommAction.d" -MT"Comm/CCommAction.o" -o "Comm/CCommAction.o" "../Comm/CCommAction.cpp"
Finished building: ../Comm/CCommAction.cpp
 
Building file: ../Comm/CCommComponent.cpp
Invoking: Cross G++ Compiler
arm-linux-gnueabihf-g++ -std=c++11 -I"/home/michael/Desktop/Bachelor/Bachelor/6_Software/Eclipse_WS/CuBa_BBB_TCPSocket/Comm" -I"/home/michael/Desktop/Bachelor/Bachelor/6_Software/Eclipse_WS/CuBa_BBB_TCPSocket/Control/Action" -I"/home/michael/Desktop/Bachelor/Bachelor/6_Software/Eclipse_WS/CuBa_BBB_TCPSocket/Control/States" -I"/home/michael/Desktop/Bachelor/Bachelor/6_Software/Eclipse_WS/CuBa_BBB_TCPSocket/Control" -I"/home/michael/Desktop/Bachelor/Bachelor/6_Software/Eclipse_WS/CuBa_BBB_TCPSocket/Hardware" -I"/home/michael/Desktop/Bachelor/Bachelor/6_Software/Eclipse_WS/CuBa_BBB_TCPSocket/lib" -O0 -g3 -Wall -c -fmessage-length=0 -MMD -MP -MF"Comm/CCommComponent.d" -MT"Comm/CCommComponent.o" -o "Comm/CCommComponent.o" "../Comm/CCommComponent.cpp"
Finished building: ../Comm/CCommComponent.cpp
 
Building file: ../Comm/CCommFSM.cpp
Invoking: Cross G++ Compiler
arm-linux-gnueabihf-g++ -std=c++11 -I"/home/michael/Desktop/Bachelor/Bachelor/6_Software/Eclipse_WS/CuBa_BBB_TCPSocket/Comm" -I"/home/michael/Desktop/Bachelor/Bachelor/6_Software/Eclipse_WS/CuBa_BBB_TCPSocket/Control/Action" -I"/home/michael/Desktop/Bachelor/Bachelor/6_Software/Eclipse_WS/CuBa_BBB_TCPSocket/Control/States" -I"/home/michael/Desktop/Bachelor/Bachelor/6_Software/Eclipse_WS/CuBa_BBB_TCPSocket/Control" -I"/home/michael/Desktop/Bachelor/Bachelor/6_Software/Eclipse_WS/CuBa_BBB_TCPSocket/Hardware" -I"/home/michael/Desktop/Bachelor/Bachelor/6_Software/Eclipse_WS/CuBa_BBB_TCPSocket/lib" -O0 -g3 -Wall -c -fmessage-length=0 -MMD -MP -MF"Comm/CCommFSM.d" -MT"Comm/CCommFSM.o" -o "Comm/CCommFSM.o" "../Comm/CCommFSM.cpp"
../Comm/CCommFSM.cpp: In member function ‘bool CCommFSM::onRunning(CMessage&)’:
../Comm/CCommFSM.cpp:62:7: error: ‘SENSOR_1_DATA’ is not a member of ‘EEvent’
  if( (EEvent::SENSOR_1_DATA == event) ||
       ^
../Comm/CCommFSM.cpp:63:4: error: ‘SENSOR_2_DATA’ is not a member of ‘EEvent’
   (EEvent::SENSOR_2_DATA == event) ||
    ^
../Comm/CCommFSM.cpp:64:4: error: ‘SENSOR_3_DATA’ is not a member of ‘EEvent’
   (EEvent::SENSOR_3_DATA == event) ||
    ^
../Comm/CCommFSM.cpp:65:4: error: ‘SENSOR_4_DATA’ is not a member of ‘EEvent’
   (EEvent::SENSOR_4_DATA == event) ||
    ^
../Comm/CCommFSM.cpp:66:4: error: ‘SENSOR_5_DATA’ is not a member of ‘EEvent’
   (EEvent::SENSOR_5_DATA == event) ||
    ^
../Comm/CCommFSM.cpp:67:4: error: ‘SENSOR_6_DATA’ is not a member of ‘EEvent’
   (EEvent::SENSOR_6_DATA == event) ||
    ^
../Comm/CCommFSM.cpp:68:4: error: ‘ADC_DATA’ is not a member of ‘EEvent’
   (EEvent::ADC_DATA == event)   ||
    ^
../Comm/CCommFSM.cpp:69:4: error: ‘G_DATA’ is not a member of ‘EEvent’
   (EEvent::G_DATA == event)    ||
    ^
../Comm/CCommFSM.cpp:70:4: error: ‘UK_DATA’ is not a member of ‘EEvent’
   (EEvent::UK_DATA == event)    ||
    ^
../Comm/CCommFSM.cpp:71:4: error: ‘UR_DATA’ is not a member of ‘EEvent’
   (EEvent::UR_DATA == event)   ||
    ^
../Comm/CCommFSM.cpp:72:4: error: ‘TORQUE_DATA’ is not a member of ‘EEvent’
   (EEvent::TORQUE_DATA == event)   ||
    ^
../Comm/CCommFSM.cpp:73:4: error: ‘LQR_DATA_1D’ is not a member of ‘EEvent’
   (EEvent::LQR_DATA_1D == event)   ||
    ^
../Comm/CCommFSM.cpp:74:4: error: ‘LQG_DATA_1D’ is not a member of ‘EEvent’
   (EEvent::LQG_DATA_1D == event) )
    ^
make: *** [Comm/CCommFSM.o] Error 1
Comm/subdir.mk:30: recipe for target 'Comm/CCommFSM.o' failed
16:30:08 **** Incremental Build of configuration Debug for project BBB_3D ****
make all 
make: Nothing to be done for 'all'.
16:30:08 **** Incremental Build of configuration Debug for project CuBa_BBB_TCPSocket ****
make all 
Building file: ../Comm/CCommFSM.cpp
Invoking: Cross G++ Compiler
arm-linux-gnueabihf-g++ -std=c++11 -I"/home/michael/Desktop/Bachelor/Bachelor/6_Software/Eclipse_WS/CuBa_BBB_TCPSocket/Comm" -I"/home/michael/Desktop/Bachelor/Bachelor/6_Software/Eclipse_WS/CuBa_BBB_TCPSocket/Control/Action" -I"/home/michael/Desktop/Bachelor/Bachelor/6_Software/Eclipse_WS/CuBa_BBB_TCPSocket/Control/States" -I"/home/michael/Desktop/Bachelor/Bachelor/6_Software/Eclipse_WS/CuBa_BBB_TCPSocket/Control" -I"/home/michael/Desktop/Bachelor/Bachelor/6_Software/Eclipse_WS/CuBa_BBB_TCPSocket/Hardware" -I"/home/michael/Desktop/Bachelor/Bachelor/6_Software/Eclipse_WS/CuBa_BBB_TCPSocket/lib" -O0 -g3 -Wall -c -fmessage-length=0 -MMD -MP -MF"Comm/CCommFSM.d" -MT"Comm/CCommFSM.o" -o "Comm/CCommFSM.o" "../Comm/CCommFSM.cpp"
Finished building: ../Comm/CCommFSM.cpp
 
Building file: ../Comm/CReceiveTask.cpp
Invoking: Cross G++ Compiler
arm-linux-gnueabihf-g++ -std=c++11 -I"/home/michael/Desktop/Bachelor/Bachelor/6_Software/Eclipse_WS/CuBa_BBB_TCPSocket/Comm" -I"/home/michael/Desktop/Bachelor/Bachelor/6_Software/Eclipse_WS/CuBa_BBB_TCPSocket/Control/Action" -I"/home/michael/Desktop/Bachelor/Bachelor/6_Software/Eclipse_WS/CuBa_BBB_TCPSocket/Control/States" -I"/home/michael/Desktop/Bachelor/Bachelor/6_Software/Eclipse_WS/CuBa_BBB_TCPSocket/Control" -I"/home/michael/Desktop/Bachelor/Bachelor/6_Software/Eclipse_WS/CuBa_BBB_TCPSocket/Hardware" -I"/home/michael/Desktop/Bachelor/Bachelor/6_Software/Eclipse_WS/CuBa_BBB_TCPSocket/lib" -O0 -g3 -Wall -c -fmessage-length=0 -MMD -MP -MF"Comm/CReceiveTask.d" -MT"Comm/CReceiveTask.o" -o "Comm/CReceiveTask.o" "../Comm/CReceiveTask.cpp"
../Comm/CReceiveTask.cpp: In member function ‘virtual void CReceiveTask::run()’:
../Comm/CReceiveTask.cpp:28:15: error: ‘class CProxy’ has no member named ‘clientConnect’
    mProxyPtr->clientConnect(true);
               ^
../Comm/CReceiveTask.cpp:33:15: error: ‘class CProxy’ has no member named ‘routeClientMessage’
    mProxyPtr->routeClientMessage(msg, true);
               ^
../Comm/CReceiveTask.cpp:35:14: error: ‘class CProxy’ has no member named ‘clientDisconnect’
   mProxyPtr->clientDisconnect(true);
              ^
Comm/subdir.mk:30: recipe for target 'Comm/CReceiveTask.o' failed
make: *** [Comm/CReceiveTask.o] Error 1
16:31:00 **** Incremental Build of configuration Debug for project BBB_3D ****
make all 
make: Nothing to be done for 'all'.
16:31:00 **** Incremental Build of configuration Debug for project CuBa_BBB_TCPSocket ****
make all 
Building file: ../lib/AComponentBase.cpp
Invoking: Cross G++ Compiler
arm-linux-gnueabihf-g++ -std=c++11 -I"/home/michael/Desktop/Bachelor/Bachelor/6_Software/Eclipse_WS/CuBa_BBB_TCPSocket/Comm" -I"/home/michael/Desktop/Bachelor/Bachelor/6_Software/Eclipse_WS/CuBa_BBB_TCPSocket/Control/Action" -I"/home/michael/Desktop/Bachelor/Bachelor/6_Software/Eclipse_WS/CuBa_BBB_TCPSocket/Control/States" -I"/home/michael/Desktop/Bachelor/Bachelor/6_Software/Eclipse_WS/CuBa_BBB_TCPSocket/Control" -I"/home/michael/Desktop/Bachelor/Bachelor/6_Software/Eclipse_WS/CuBa_BBB_TCPSocket/Hardware" -I"/home/michael/Desktop/Bachelor/Bachelor/6_Software/Eclipse_WS/CuBa_BBB_TCPSocket/lib" -O0 -g3 -Wall -c -fmessage-length=0 -MMD -MP -MF"lib/AComponentBase.d" -MT"lib/AComponentBase.o" -o "lib/AComponentBase.o" "../lib/AComponentBase.cpp"
Finished building: ../lib/AComponentBase.cpp
 
Building file: ../lib/CProxy.cpp
Invoking: Cross G++ Compiler
arm-linux-gnueabihf-g++ -std=c++11 -I"/home/michael/Desktop/Bachelor/Bachelor/6_Software/Eclipse_WS/CuBa_BBB_TCPSocket/Comm" -I"/home/michael/Desktop/Bachelor/Bachelor/6_Software/Eclipse_WS/CuBa_BBB_TCPSocket/Control/Action" -I"/home/michael/Desktop/Bachelor/Bachelor/6_Software/Eclipse_WS/CuBa_BBB_TCPSocket/Control/States" -I"/home/michael/Desktop/Bachelor/Bachelor/6_Software/Eclipse_WS/CuBa_BBB_TCPSocket/Control" -I"/home/michael/Desktop/Bachelor/Bachelor/6_Software/Eclipse_WS/CuBa_BBB_TCPSocket/Hardware" -I"/home/michael/Desktop/Bachelor/Bachelor/6_Software/Eclipse_WS/CuBa_BBB_TCPSocket/lib" -O0 -g3 -Wall -c -fmessage-length=0 -MMD -MP -MF"lib/CProxy.d" -MT"lib/CProxy.o" -o "lib/CProxy.o" "../lib/CProxy.cpp"
Finished building: ../lib/CProxy.cpp
 
Building file: ../Control/Action/CControlAction.cpp
Invoking: Cross G++ Compiler
arm-linux-gnueabihf-g++ -std=c++11 -I"/home/michael/Desktop/Bachelor/Bachelor/6_Software/Eclipse_WS/CuBa_BBB_TCPSocket/Comm" -I"/home/michael/Desktop/Bachelor/Bachelor/6_Software/Eclipse_WS/CuBa_BBB_TCPSocket/Control/Action" -I"/home/michael/Desktop/Bachelor/Bachelor/6_Software/Eclipse_WS/CuBa_BBB_TCPSocket/Control/States" -I"/home/michael/Desktop/Bachelor/Bachelor/6_Software/Eclipse_WS/CuBa_BBB_TCPSocket/Control" -I"/home/michael/Desktop/Bachelor/Bachelor/6_Software/Eclipse_WS/CuBa_BBB_TCPSocket/Hardware" -I"/home/michael/Desktop/Bachelor/Bachelor/6_Software/Eclipse_WS/CuBa_BBB_TCPSocket/lib" -O0 -g3 -Wall -c -fmessage-length=0 -MMD -MP -MF"Control/Action/CControlAction.d" -MT"Control/Action/CControlAction.o" -o "Control/Action/CControlAction.o" "../Control/Action/CControlAction.cpp"
Finished building: ../Control/Action/CControlAction.cpp
 
Building file: ../Control/Action/CControlActionBase.cpp
Invoking: Cross G++ Compiler
arm-linux-gnueabihf-g++ -std=c++11 -I"/home/michael/Desktop/Bachelor/Bachelor/6_Software/Eclipse_WS/CuBa_BBB_TCPSocket/Comm" -I"/home/michael/Desktop/Bachelor/Bachelor/6_Software/Eclipse_WS/CuBa_BBB_TCPSocket/Control/Action" -I"/home/michael/Desktop/Bachelor/Bachelor/6_Software/Eclipse_WS/CuBa_BBB_TCPSocket/Control/States" -I"/home/michael/Desktop/Bachelor/Bachelor/6_Software/Eclipse_WS/CuBa_BBB_TCPSocket/Control" -I"/home/michael/Desktop/Bachelor/Bachelor/6_Software/Eclipse_WS/CuBa_BBB_TCPSocket/Hardware" -I"/home/michael/Desktop/Bachelor/Bachelor/6_Software/Eclipse_WS/CuBa_BBB_TCPSocket/lib" -O0 -g3 -Wall -c -fmessage-length=0 -MMD -MP -MF"Control/Action/CControlActionBase.d" -MT"Control/Action/CControlActionBase.o" -o "Control/Action/CControlActionBase.o" "../Control/Action/CControlActionBase.cpp"
Finished building: ../Control/Action/CControlActionBase.cpp
 
Building file: ../Control/CControlComp.cpp
Invoking: Cross G++ Compiler
arm-linux-gnueabihf-g++ -std=c++11 -I"/home/michael/Desktop/Bachelor/Bachelor/6_Software/Eclipse_WS/CuBa_BBB_TCPSocket/Comm" -I"/home/michael/Desktop/Bachelor/Bachelor/6_Software/Eclipse_WS/CuBa_BBB_TCPSocket/Control/Action" -I"/home/michael/Desktop/Bachelor/Bachelor/6_Software/Eclipse_WS/CuBa_BBB_TCPSocket/Control/States" -I"/home/michael/Desktop/Bachelor/Bachelor/6_Software/Eclipse_WS/CuBa_BBB_TCPSocket/Control" -I"/home/michael/Desktop/Bachelor/Bachelor/6_Software/Eclipse_WS/CuBa_BBB_TCPSocket/Hardware" -I"/home/michael/Desktop/Bachelor/Bachelor/6_Software/Eclipse_WS/CuBa_BBB_TCPSocket/lib" -O0 -g3 -Wall -c -fmessage-length=0 -MMD -MP -MF"Control/CControlComp.d" -MT"Control/CControlComp.o" -o "Control/CControlComp.o" "../Control/CControlComp.cpp"
Finished building: ../Control/CControlComp.cpp
 
Building file: ../Control/CTimerTask.cpp
Invoking: Cross G++ Compiler
arm-linux-gnueabihf-g++ -std=c++11 -I"/home/michael/Desktop/Bachelor/Bachelor/6_Software/Eclipse_WS/CuBa_BBB_TCPSocket/Comm" -I"/home/michael/Desktop/Bachelor/Bachelor/6_Software/Eclipse_WS/CuBa_BBB_TCPSocket/Control/Action" -I"/home/michael/Desktop/Bachelor/Bachelor/6_Software/Eclipse_WS/CuBa_BBB_TCPSocket/Control/States" -I"/home/michael/Desktop/Bachelor/Bachelor/6_Software/Eclipse_WS/CuBa_BBB_TCPSocket/Control" -I"/home/michael/Desktop/Bachelor/Bachelor/6_Software/Eclipse_WS/CuBa_BBB_TCPSocket/Hardware" -I"/home/michael/Desktop/Bachelor/Bachelor/6_Software/Eclipse_WS/CuBa_BBB_TCPSocket/lib" -O0 -g3 -Wall -c -fmessage-length=0 -MMD -MP -MF"Control/CTimerTask.d" -MT"Control/CTimerTask.o" -o "Control/CTimerTask.o" "../Control/CTimerTask.cpp"
Finished building: ../Control/CTimerTask.cpp
 
Building file: ../Comm/CCommAction.cpp
Invoking: Cross G++ Compiler
arm-linux-gnueabihf-g++ -std=c++11 -I"/home/michael/Desktop/Bachelor/Bachelor/6_Software/Eclipse_WS/CuBa_BBB_TCPSocket/Comm" -I"/home/michael/Desktop/Bachelor/Bachelor/6_Software/Eclipse_WS/CuBa_BBB_TCPSocket/Control/Action" -I"/home/michael/Desktop/Bachelor/Bachelor/6_Software/Eclipse_WS/CuBa_BBB_TCPSocket/Control/States" -I"/home/michael/Desktop/Bachelor/Bachelor/6_Software/Eclipse_WS/CuBa_BBB_TCPSocket/Control" -I"/home/michael/Desktop/Bachelor/Bachelor/6_Software/Eclipse_WS/CuBa_BBB_TCPSocket/Hardware" -I"/home/michael/Desktop/Bachelor/Bachelor/6_Software/Eclipse_WS/CuBa_BBB_TCPSocket/lib" -O0 -g3 -Wall -c -fmessage-length=0 -MMD -MP -MF"Comm/CCommAction.d" -MT"Comm/CCommAction.o" -o "Comm/CCommAction.o" "../Comm/CCommAction.cpp"
Finished building: ../Comm/CCommAction.cpp
 
Building file: ../Comm/CCommComponent.cpp
Invoking: Cross G++ Compiler
arm-linux-gnueabihf-g++ -std=c++11 -I"/home/michael/Desktop/Bachelor/Bachelor/6_Software/Eclipse_WS/CuBa_BBB_TCPSocket/Comm" -I"/home/michael/Desktop/Bachelor/Bachelor/6_Software/Eclipse_WS/CuBa_BBB_TCPSocket/Control/Action" -I"/home/michael/Desktop/Bachelor/Bachelor/6_Software/Eclipse_WS/CuBa_BBB_TCPSocket/Control/States" -I"/home/michael/Desktop/Bachelor/Bachelor/6_Software/Eclipse_WS/CuBa_BBB_TCPSocket/Control" -I"/home/michael/Desktop/Bachelor/Bachelor/6_Software/Eclipse_WS/CuBa_BBB_TCPSocket/Hardware" -I"/home/michael/Desktop/Bachelor/Bachelor/6_Software/Eclipse_WS/CuBa_BBB_TCPSocket/lib" -O0 -g3 -Wall -c -fmessage-length=0 -MMD -MP -MF"Comm/CCommComponent.d" -MT"Comm/CCommComponent.o" -o "Comm/CCommComponent.o" "../Comm/CCommComponent.cpp"
Finished building: ../Comm/CCommComponent.cpp
 
Building file: ../Comm/CCommFSM.cpp
Invoking: Cross G++ Compiler
arm-linux-gnueabihf-g++ -std=c++11 -I"/home/michael/Desktop/Bachelor/Bachelor/6_Software/Eclipse_WS/CuBa_BBB_TCPSocket/Comm" -I"/home/michael/Desktop/Bachelor/Bachelor/6_Software/Eclipse_WS/CuBa_BBB_TCPSocket/Control/Action" -I"/home/michael/Desktop/Bachelor/Bachelor/6_Software/Eclipse_WS/CuBa_BBB_TCPSocket/Control/States" -I"/home/michael/Desktop/Bachelor/Bachelor/6_Software/Eclipse_WS/CuBa_BBB_TCPSocket/Control" -I"/home/michael/Desktop/Bachelor/Bachelor/6_Software/Eclipse_WS/CuBa_BBB_TCPSocket/Hardware" -I"/home/michael/Desktop/Bachelor/Bachelor/6_Software/Eclipse_WS/CuBa_BBB_TCPSocket/lib" -O0 -g3 -Wall -c -fmessage-length=0 -MMD -MP -MF"Comm/CCommFSM.d" -MT"Comm/CCommFSM.o" -o "Comm/CCommFSM.o" "../Comm/CCommFSM.cpp"
Finished building: ../Comm/CCommFSM.cpp
 
Building file: ../Comm/CReceiveTask.cpp
Invoking: Cross G++ Compiler
arm-linux-gnueabihf-g++ -std=c++11 -I"/home/michael/Desktop/Bachelor/Bachelor/6_Software/Eclipse_WS/CuBa_BBB_TCPSocket/Comm" -I"/home/michael/Desktop/Bachelor/Bachelor/6_Software/Eclipse_WS/CuBa_BBB_TCPSocket/Control/Action" -I"/home/michael/Desktop/Bachelor/Bachelor/6_Software/Eclipse_WS/CuBa_BBB_TCPSocket/Control/States" -I"/home/michael/Desktop/Bachelor/Bachelor/6_Software/Eclipse_WS/CuBa_BBB_TCPSocket/Control" -I"/home/michael/Desktop/Bachelor/Bachelor/6_Software/Eclipse_WS/CuBa_BBB_TCPSocket/Hardware" -I"/home/michael/Desktop/Bachelor/Bachelor/6_Software/Eclipse_WS/CuBa_BBB_TCPSocket/lib" -O0 -g3 -Wall -c -fmessage-length=0 -MMD -MP -MF"Comm/CReceiveTask.d" -MT"Comm/CReceiveTask.o" -o "Comm/CReceiveTask.o" "../Comm/CReceiveTask.cpp"
../Comm/CReceiveTask.cpp: In member function ‘virtual void CReceiveTask::run()’:
../Comm/CReceiveTask.cpp:33:15: error: ‘class CProxy’ has no member named ‘routeClientMessage’
    mProxyPtr->routeClientMessage(msg, true);
               ^
make: *** [Comm/CReceiveTask.o] Error 1
Comm/subdir.mk:30: recipe for target 'Comm/CReceiveTask.o' failed
16:31:12 **** Incremental Build of configuration Debug for project BBB_3D ****
make all 
make: Nothing to be done for 'all'.
16:31:12 **** Incremental Build of configuration Debug for project CuBa_BBB_TCPSocket ****
make all 
Building file: ../lib/AComponentBase.cpp
Invoking: Cross G++ Compiler
arm-linux-gnueabihf-g++ -std=c++11 -I"/home/michael/Desktop/Bachelor/Bachelor/6_Software/Eclipse_WS/CuBa_BBB_TCPSocket/Comm" -I"/home/michael/Desktop/Bachelor/Bachelor/6_Software/Eclipse_WS/CuBa_BBB_TCPSocket/Control/Action" -I"/home/michael/Desktop/Bachelor/Bachelor/6_Software/Eclipse_WS/CuBa_BBB_TCPSocket/Control/States" -I"/home/michael/Desktop/Bachelor/Bachelor/6_Software/Eclipse_WS/CuBa_BBB_TCPSocket/Control" -I"/home/michael/Desktop/Bachelor/Bachelor/6_Software/Eclipse_WS/CuBa_BBB_TCPSocket/Hardware" -I"/home/michael/Desktop/Bachelor/Bachelor/6_Software/Eclipse_WS/CuBa_BBB_TCPSocket/lib" -O0 -g3 -Wall -c -fmessage-length=0 -MMD -MP -MF"lib/AComponentBase.d" -MT"lib/AComponentBase.o" -o "lib/AComponentBase.o" "../lib/AComponentBase.cpp"
Finished building: ../lib/AComponentBase.cpp
 
Building file: ../lib/CProxy.cpp
Invoking: Cross G++ Compiler
arm-linux-gnueabihf-g++ -std=c++11 -I"/home/michael/Desktop/Bachelor/Bachelor/6_Software/Eclipse_WS/CuBa_BBB_TCPSocket/Comm" -I"/home/michael/Desktop/Bachelor/Bachelor/6_Software/Eclipse_WS/CuBa_BBB_TCPSocket/Control/Action" -I"/home/michael/Desktop/Bachelor/Bachelor/6_Software/Eclipse_WS/CuBa_BBB_TCPSocket/Control/States" -I"/home/michael/Desktop/Bachelor/Bachelor/6_Software/Eclipse_WS/CuBa_BBB_TCPSocket/Control" -I"/home/michael/Desktop/Bachelor/Bachelor/6_Software/Eclipse_WS/CuBa_BBB_TCPSocket/Hardware" -I"/home/michael/Desktop/Bachelor/Bachelor/6_Software/Eclipse_WS/CuBa_BBB_TCPSocket/lib" -O0 -g3 -Wall -c -fmessage-length=0 -MMD -MP -MF"lib/CProxy.d" -MT"lib/CProxy.o" -o "lib/CProxy.o" "../lib/CProxy.cpp"
Finished building: ../lib/CProxy.cpp
 
Building file: ../Control/Action/CControlAction.cpp
Invoking: Cross G++ Compiler
arm-linux-gnueabihf-g++ -std=c++11 -I"/home/michael/Desktop/Bachelor/Bachelor/6_Software/Eclipse_WS/CuBa_BBB_TCPSocket/Comm" -I"/home/michael/Desktop/Bachelor/Bachelor/6_Software/Eclipse_WS/CuBa_BBB_TCPSocket/Control/Action" -I"/home/michael/Desktop/Bachelor/Bachelor/6_Software/Eclipse_WS/CuBa_BBB_TCPSocket/Control/States" -I"/home/michael/Desktop/Bachelor/Bachelor/6_Software/Eclipse_WS/CuBa_BBB_TCPSocket/Control" -I"/home/michael/Desktop/Bachelor/Bachelor/6_Software/Eclipse_WS/CuBa_BBB_TCPSocket/Hardware" -I"/home/michael/Desktop/Bachelor/Bachelor/6_Software/Eclipse_WS/CuBa_BBB_TCPSocket/lib" -O0 -g3 -Wall -c -fmessage-length=0 -MMD -MP -MF"Control/Action/CControlAction.d" -MT"Control/Action/CControlAction.o" -o "Control/Action/CControlAction.o" "../Control/Action/CControlAction.cpp"
Finished building: ../Control/Action/CControlAction.cpp
 
Building file: ../Control/Action/CControlActionBase.cpp
Invoking: Cross G++ Compiler
arm-linux-gnueabihf-g++ -std=c++11 -I"/home/michael/Desktop/Bachelor/Bachelor/6_Software/Eclipse_WS/CuBa_BBB_TCPSocket/Comm" -I"/home/michael/Desktop/Bachelor/Bachelor/6_Software/Eclipse_WS/CuBa_BBB_TCPSocket/Control/Action" -I"/home/michael/Desktop/Bachelor/Bachelor/6_Software/Eclipse_WS/CuBa_BBB_TCPSocket/Control/States" -I"/home/michael/Desktop/Bachelor/Bachelor/6_Software/Eclipse_WS/CuBa_BBB_TCPSocket/Control" -I"/home/michael/Desktop/Bachelor/Bachelor/6_Software/Eclipse_WS/CuBa_BBB_TCPSocket/Hardware" -I"/home/michael/Desktop/Bachelor/Bachelor/6_Software/Eclipse_WS/CuBa_BBB_TCPSocket/lib" -O0 -g3 -Wall -c -fmessage-length=0 -MMD -MP -MF"Control/Action/CControlActionBase.d" -MT"Control/Action/CControlActionBase.o" -o "Control/Action/CControlActionBase.o" "../Control/Action/CControlActionBase.cpp"
Finished building: ../Control/Action/CControlActionBase.cpp
 
Building file: ../Control/CControlComp.cpp
Invoking: Cross G++ Compiler
arm-linux-gnueabihf-g++ -std=c++11 -I"/home/michael/Desktop/Bachelor/Bachelor/6_Software/Eclipse_WS/CuBa_BBB_TCPSocket/Comm" -I"/home/michael/Desktop/Bachelor/Bachelor/6_Software/Eclipse_WS/CuBa_BBB_TCPSocket/Control/Action" -I"/home/michael/Desktop/Bachelor/Bachelor/6_Software/Eclipse_WS/CuBa_BBB_TCPSocket/Control/States" -I"/home/michael/Desktop/Bachelor/Bachelor/6_Software/Eclipse_WS/CuBa_BBB_TCPSocket/Control" -I"/home/michael/Desktop/Bachelor/Bachelor/6_Software/Eclipse_WS/CuBa_BBB_TCPSocket/Hardware" -I"/home/michael/Desktop/Bachelor/Bachelor/6_Software/Eclipse_WS/CuBa_BBB_TCPSocket/lib" -O0 -g3 -Wall -c -fmessage-length=0 -MMD -MP -MF"Control/CControlComp.d" -MT"Control/CControlComp.o" -o "Control/CControlComp.o" "../Control/CControlComp.cpp"
Finished building: ../Control/CControlComp.cpp
 
Building file: ../Control/CTimerTask.cpp
Invoking: Cross G++ Compiler
arm-linux-gnueabihf-g++ -std=c++11 -I"/home/michael/Desktop/Bachelor/Bachelor/6_Software/Eclipse_WS/CuBa_BBB_TCPSocket/Comm" -I"/home/michael/Desktop/Bachelor/Bachelor/6_Software/Eclipse_WS/CuBa_BBB_TCPSocket/Control/Action" -I"/home/michael/Desktop/Bachelor/Bachelor/6_Software/Eclipse_WS/CuBa_BBB_TCPSocket/Control/States" -I"/home/michael/Desktop/Bachelor/Bachelor/6_Software/Eclipse_WS/CuBa_BBB_TCPSocket/Control" -I"/home/michael/Desktop/Bachelor/Bachelor/6_Software/Eclipse_WS/CuBa_BBB_TCPSocket/Hardware" -I"/home/michael/Desktop/Bachelor/Bachelor/6_Software/Eclipse_WS/CuBa_BBB_TCPSocket/lib" -O0 -g3 -Wall -c -fmessage-length=0 -MMD -MP -MF"Control/CTimerTask.d" -MT"Control/CTimerTask.o" -o "Control/CTimerTask.o" "../Control/CTimerTask.cpp"
Finished building: ../Control/CTimerTask.cpp
 
Building file: ../Comm/CCommAction.cpp
Invoking: Cross G++ Compiler
arm-linux-gnueabihf-g++ -std=c++11 -I"/home/michael/Desktop/Bachelor/Bachelor/6_Software/Eclipse_WS/CuBa_BBB_TCPSocket/Comm" -I"/home/michael/Desktop/Bachelor/Bachelor/6_Software/Eclipse_WS/CuBa_BBB_TCPSocket/Control/Action" -I"/home/michael/Desktop/Bachelor/Bachelor/6_Software/Eclipse_WS/CuBa_BBB_TCPSocket/Control/States" -I"/home/michael/Desktop/Bachelor/Bachelor/6_Software/Eclipse_WS/CuBa_BBB_TCPSocket/Control" -I"/home/michael/Desktop/Bachelor/Bachelor/6_Software/Eclipse_WS/CuBa_BBB_TCPSocket/Hardware" -I"/home/michael/Desktop/Bachelor/Bachelor/6_Software/Eclipse_WS/CuBa_BBB_TCPSocket/lib" -O0 -g3 -Wall -c -fmessage-length=0 -MMD -MP -MF"Comm/CCommAction.d" -MT"Comm/CCommAction.o" -o "Comm/CCommAction.o" "../Comm/CCommAction.cpp"
Finished building: ../Comm/CCommAction.cpp
 
Building file: ../Comm/CCommComponent.cpp
Invoking: Cross G++ Compiler
arm-linux-gnueabihf-g++ -std=c++11 -I"/home/michael/Desktop/Bachelor/Bachelor/6_Software/Eclipse_WS/CuBa_BBB_TCPSocket/Comm" -I"/home/michael/Desktop/Bachelor/Bachelor/6_Software/Eclipse_WS/CuBa_BBB_TCPSocket/Control/Action" -I"/home/michael/Desktop/Bachelor/Bachelor/6_Software/Eclipse_WS/CuBa_BBB_TCPSocket/Control/States" -I"/home/michael/Desktop/Bachelor/Bachelor/6_Software/Eclipse_WS/CuBa_BBB_TCPSocket/Control" -I"/home/michael/Desktop/Bachelor/Bachelor/6_Software/Eclipse_WS/CuBa_BBB_TCPSocket/Hardware" -I"/home/michael/Desktop/Bachelor/Bachelor/6_Software/Eclipse_WS/CuBa_BBB_TCPSocket/lib" -O0 -g3 -Wall -c -fmessage-length=0 -MMD -MP -MF"Comm/CCommComponent.d" -MT"Comm/CCommComponent.o" -o "Comm/CCommComponent.o" "../Comm/CCommComponent.cpp"
Finished building: ../Comm/CCommComponent.cpp
 
Building file: ../Comm/CCommFSM.cpp
Invoking: Cross G++ Compiler
arm-linux-gnueabihf-g++ -std=c++11 -I"/home/michael/Desktop/Bachelor/Bachelor/6_Software/Eclipse_WS/CuBa_BBB_TCPSocket/Comm" -I"/home/michael/Desktop/Bachelor/Bachelor/6_Software/Eclipse_WS/CuBa_BBB_TCPSocket/Control/Action" -I"/home/michael/Desktop/Bachelor/Bachelor/6_Software/Eclipse_WS/CuBa_BBB_TCPSocket/Control/States" -I"/home/michael/Desktop/Bachelor/Bachelor/6_Software/Eclipse_WS/CuBa_BBB_TCPSocket/Control" -I"/home/michael/Desktop/Bachelor/Bachelor/6_Software/Eclipse_WS/CuBa_BBB_TCPSocket/Hardware" -I"/home/michael/Desktop/Bachelor/Bachelor/6_Software/Eclipse_WS/CuBa_BBB_TCPSocket/lib" -O0 -g3 -Wall -c -fmessage-length=0 -MMD -MP -MF"Comm/CCommFSM.d" -MT"Comm/CCommFSM.o" -o "Comm/CCommFSM.o" "../Comm/CCommFSM.cpp"
Finished building: ../Comm/CCommFSM.cpp
 
Building file: ../Comm/CReceiveTask.cpp
Invoking: Cross G++ Compiler
arm-linux-gnueabihf-g++ -std=c++11 -I"/home/michael/Desktop/Bachelor/Bachelor/6_Software/Eclipse_WS/CuBa_BBB_TCPSocket/Comm" -I"/home/michael/Desktop/Bachelor/Bachelor/6_Software/Eclipse_WS/CuBa_BBB_TCPSocket/Control/Action" -I"/home/michael/Desktop/Bachelor/Bachelor/6_Software/Eclipse_WS/CuBa_BBB_TCPSocket/Control/States" -I"/home/michael/Desktop/Bachelor/Bachelor/6_Software/Eclipse_WS/CuBa_BBB_TCPSocket/Control" -I"/home/michael/Desktop/Bachelor/Bachelor/6_Software/Eclipse_WS/CuBa_BBB_TCPSocket/Hardware" -I"/home/michael/Desktop/Bachelor/Bachelor/6_Software/Eclipse_WS/CuBa_BBB_TCPSocket/lib" -O0 -g3 -Wall -c -fmessage-length=0 -MMD -MP -MF"Comm/CReceiveTask.d" -MT"Comm/CReceiveTask.o" -o "Comm/CReceiveTask.o" "../Comm/CReceiveTask.cpp"
Finished building: ../Comm/CReceiveTask.cpp
 
Building file: ../Comm/CServer.cpp
Invoking: Cross G++ Compiler
arm-linux-gnueabihf-g++ -std=c++11 -I"/home/michael/Desktop/Bachelor/Bachelor/6_Software/Eclipse_WS/CuBa_BBB_TCPSocket/Comm" -I"/home/michael/Desktop/Bachelor/Bachelor/6_Software/Eclipse_WS/CuBa_BBB_TCPSocket/Control/Action" -I"/home/michael/Desktop/Bachelor/Bachelor/6_Software/Eclipse_WS/CuBa_BBB_TCPSocket/Control/States" -I"/home/michael/Desktop/Bachelor/Bachelor/6_Software/Eclipse_WS/CuBa_BBB_TCPSocket/Control" -I"/home/michael/Desktop/Bachelor/Bachelor/6_Software/Eclipse_WS/CuBa_BBB_TCPSocket/Hardware" -I"/home/michael/Desktop/Bachelor/Bachelor/6_Software/Eclipse_WS/CuBa_BBB_TCPSocket/lib" -O0 -g3 -Wall -c -fmessage-length=0 -MMD -MP -MF"Comm/CServer.d" -MT"Comm/CServer.o" -o "Comm/CServer.o" "../Comm/CServer.cpp"
Finished building: ../Comm/CServer.cpp
 
Building target: CuBa_BBB_TCPSocket
Invoking: Cross G++ Linker
arm-linux-gnueabihf-g++  -o "CuBa_BBB_TCPSocket"  ./lib/AComponentBase.o ./lib/Assertion.o ./lib/CBinarySemaphore.o ./lib/CCountingSemaphore.o ./lib/CMessage.o ./lib/CMutex.o ./lib/CProxy.o ./lib/CThread.o ./lib/TMatrix.o  ./Hardware/CADC.o ./Hardware/CADCData.o ./Hardware/CADCMMap.o ./Hardware/CGPIO.o ./Hardware/CHardware.o ./Hardware/CMPU9250.o ./Hardware/CMPUData.o ./Hardware/CMotor.o ./Hardware/CPWM.o ./Hardware/CSensorData.o ./Hardware/CSensorSystem.o ./Hardware/CSwitch.o ./Hardware/CTorqueData.o  ./Control/States/AState.o  ./Control/Action/CControlAction.o ./Control/Action/CControlActionBase.o  ./Control/CControlComp.o ./Control/CTimerTask.o  ./Comm/CCommAction.o ./Comm/CCommComponent.o ./Comm/CCommFSM.o ./Comm/CReceiveTask.o ./Comm/CServer.o  ./main.o   -lpthread
./Comm/CReceiveTask.o: In function `CReceiveTask::run()':
/home/michael/Desktop/Bachelor/Bachelor/6_Software/Eclipse_WS/CuBa_BBB_TCPSocket/Debug/../Comm/CReceiveTask.cpp:28: undefined reference to `CProxy::clientConnect(bool)'
makefile:50: recipe for target 'CuBa_BBB_TCPSocket' failed
/home/michael/Desktop/Bachelor/Bachelor/6_Software/Eclipse_WS/CuBa_BBB_TCPSocket/Debug/../Comm/CReceiveTask.cpp:33: undefined reference to `CProxy::routeClientMessage(CMessage&, bool)'
/home/michael/Desktop/Bachelor/Bachelor/6_Software/Eclipse_WS/CuBa_BBB_TCPSocket/Debug/../Comm/CReceiveTask.cpp:35: undefined reference to `CProxy::clientDisconnect(bool)'
collect2: error: ld returned 1 exit status
make: *** [CuBa_BBB_TCPSocket] Error 1
16:32:44 **** Incremental Build of configuration Debug for project CuBa_BBB_TCPSocket ****
make all 
Building file: ../lib/CProxy.cpp
Invoking: Cross G++ Compiler
arm-linux-gnueabihf-g++ -std=c++11 -I"/home/michael/Desktop/Bachelor/Bachelor/6_Software/Eclipse_WS/CuBa_BBB_TCPSocket/Comm" -I"/home/michael/Desktop/Bachelor/Bachelor/6_Software/Eclipse_WS/CuBa_BBB_TCPSocket/Control/Action" -I"/home/michael/Desktop/Bachelor/Bachelor/6_Software/Eclipse_WS/CuBa_BBB_TCPSocket/Control/States" -I"/home/michael/Desktop/Bachelor/Bachelor/6_Software/Eclipse_WS/CuBa_BBB_TCPSocket/Control" -I"/home/michael/Desktop/Bachelor/Bachelor/6_Software/Eclipse_WS/CuBa_BBB_TCPSocket/Hardware" -I"/home/michael/Desktop/Bachelor/Bachelor/6_Software/Eclipse_WS/CuBa_BBB_TCPSocket/lib" -O0 -g3 -Wall -c -fmessage-length=0 -MMD -MP -MF"lib/CProxy.d" -MT"lib/CProxy.o" -o "lib/CProxy.o" "../lib/CProxy.cpp"
../lib/CProxy.cpp: In member function ‘bool CProxy::routeClientMessage(CMessage&, bool)’:
../lib/CProxy.cpp:55:55: error: expected ‘}’ at end of input
  return mControlPtr->mQueue.pushBack(msg, waitForever);
                                                       ^
make: *** [lib/CProxy.o] Error 1
lib/subdir.mk:42: recipe for target 'lib/CProxy.o' failed
16:32:52 **** Incremental Build of configuration Debug for project CuBa_BBB_TCPSocket ****
make all 
Building file: ../lib/CProxy.cpp
Invoking: Cross G++ Compiler
arm-linux-gnueabihf-g++ -std=c++11 -I"/home/michael/Desktop/Bachelor/Bachelor/6_Software/Eclipse_WS/CuBa_BBB_TCPSocket/Comm" -I"/home/michael/Desktop/Bachelor/Bachelor/6_Software/Eclipse_WS/CuBa_BBB_TCPSocket/Control/Action" -I"/home/michael/Desktop/Bachelor/Bachelor/6_Software/Eclipse_WS/CuBa_BBB_TCPSocket/Control/States" -I"/home/michael/Desktop/Bachelor/Bachelor/6_Software/Eclipse_WS/CuBa_BBB_TCPSocket/Control" -I"/home/michael/Desktop/Bachelor/Bachelor/6_Software/Eclipse_WS/CuBa_BBB_TCPSocket/Hardware" -I"/home/michael/Desktop/Bachelor/Bachelor/6_Software/Eclipse_WS/CuBa_BBB_TCPSocket/lib" -O0 -g3 -Wall -c -fmessage-length=0 -MMD -MP -MF"lib/CProxy.d" -MT"lib/CProxy.o" -o "lib/CProxy.o" "../lib/CProxy.cpp"
Finished building: ../lib/CProxy.cpp
 
Building target: CuBa_BBB_TCPSocket
Invoking: Cross G++ Linker
arm-linux-gnueabihf-g++  -o "CuBa_BBB_TCPSocket"  ./lib/AComponentBase.o ./lib/Assertion.o ./lib/CBinarySemaphore.o ./lib/CCountingSemaphore.o ./lib/CMessage.o ./lib/CMutex.o ./lib/CProxy.o ./lib/CThread.o ./lib/TMatrix.o  ./Hardware/CADC.o ./Hardware/CADCData.o ./Hardware/CADCMMap.o ./Hardware/CGPIO.o ./Hardware/CHardware.o ./Hardware/CMPU9250.o ./Hardware/CMPUData.o ./Hardware/CMotor.o ./Hardware/CPWM.o ./Hardware/CSensorData.o ./Hardware/CSensorSystem.o ./Hardware/CSwitch.o ./Hardware/CTorqueData.o  ./Control/States/AState.o  ./Control/Action/CControlAction.o ./Control/Action/CControlActionBase.o  ./Control/CControlComp.o ./Control/CTimerTask.o  ./Comm/CCommAction.o ./Comm/CCommComponent.o ./Comm/CCommFSM.o ./Comm/CReceiveTask.o ./Comm/CServer.o  ./main.o   -lpthread
Finished building target: CuBa_BBB_TCPSocket
 
