\BOOKMARK [1][-]{section.1}{Modellbildung W\374rfelseite}{}% 1
\BOOKMARK [2][-]{subsection.1.1}{Untersuchung der Kinematik}{section.1}% 2
\BOOKMARK [2][-]{subsection.1.2}{Untersuchung der Kinetik}{section.1}% 3
\BOOKMARK [1][-]{section.2}{Modellbildung W\374rfelseite}{}% 4
\BOOKMARK [2][-]{subsection.2.1}{Zustandsraumdarstellung}{section.2}% 5
\BOOKMARK [1][-]{section.3}{Regelungstechnik}{}% 6
\BOOKMARK [2][-]{subsection.3.1}{Entwurf der Reglermatrix bold0mu mumu FF2005/06/28 ver: 1.3 subfig packageFFFF}{section.3}% 7
\BOOKMARK [2][-]{subsection.3.2}{Entwurf des Vorfilters bold0mu mumu VV2005/06/28 ver: 1.3 subfig packageVVVV}{section.3}% 8
\BOOKMARK [2][-]{subsection.3.3}{Entwurf eines kaskadierten Regelkreises}{section.3}% 9
\BOOKMARK [2][-]{subsection.3.4}{Einfluss des digitalen Reglers}{section.3}% 10
\BOOKMARK [1][-]{section.4}{Sensorik}{}% 11
\BOOKMARK [2][-]{subsection.4.1}{Untersuchung der Messsysteme f\374r }{section.4}% 12
\BOOKMARK [2][-]{subsection.4.2}{Ermittlung von }{section.4}% 13
\BOOKMARK [1][-]{section.5}{Herleitung/Interpretation Fourier-Spektren}{}% 14
\BOOKMARK [1][-]{section.6}{3D-Modell}{}% 15
\BOOKMARK [2][-]{subsection.6.1}{Systemparameter}{section.6}% 16
\BOOKMARK [2][-]{subsection.6.2}{Untersuchung der Kinematik}{section.6}% 17
\BOOKMARK [2][-]{subsection.6.3}{Untersuchung der Kinetik}{section.6}% 18
\BOOKMARK [1][-]{section.7}{Messung der Zustandsgr\366\337en}{}% 19
\BOOKMARK [1][-]{section.8}{Software}{}% 20
